2024-02-28 18:57:32,636  INFO [main] ebanking:14 - url is opened
2024-02-28 18:57:32,893  INFO [main] ebanking:17 - entered username
2024-02-28 18:57:32,999  INFO [main] ebanking:19 - entered password
2024-06-29 11:32:45,175  INFO [main] ebanking:14 - url is opened
2024-06-29 11:32:45,492  INFO [main] ebanking:17 - entered username
2024-06-29 11:32:45,623  INFO [main] ebanking:19 - entered password
2024-06-29 11:34:41,570  INFO [main] ebanking:14 - url is opened
2024-06-29 11:34:41,912  INFO [main] ebanking:17 - entered username
2024-06-29 11:34:42,064  INFO [main] ebanking:19 - entered password
2024-06-29 13:17:09,098  INFO [main] ebanking:14 - url is opened
2024-06-29 13:17:09,214  INFO [main] ebanking:17 - entered username
2024-06-29 13:17:09,290  INFO [main] ebanking:19 - entered password
2024-06-29 13:22:50,580  INFO [main] ebanking:14 - url is opened
2024-06-29 13:22:50,712  INFO [main] ebanking:17 - entered username
2024-06-29 13:22:50,808  INFO [main] ebanking:19 - entered password
2024-06-30 11:11:45,435  INFO [main] ebanking:14 - url is opened
2024-06-30 11:11:45,691  INFO [main] ebanking:17 - entered username
2024-06-30 11:11:45,794  INFO [main] ebanking:19 - entered password
2024-06-30 11:11:47,530 DEBUG [main] cache:45 - Couldn't find template in cache for "spark/spark.spa.ftl"("en_IN", UTF-8, parsed); will try to load it.
2024-06-30 11:11:47,534 DEBUG [main] cache:45 - TemplateLoader.findTemplateSource("spark/spark.spa_en_IN.ftl"): Not found
2024-06-30 11:11:47,537 DEBUG [main] cache:45 - TemplateLoader.findTemplateSource("spark/spark.spa_en.ftl"): Not found
2024-06-30 11:11:47,539 DEBUG [main] cache:45 - TemplateLoader.findTemplateSource("spark/spark.spa.ftl"): Found
2024-06-30 11:11:47,540 DEBUG [main] cache:45 - Loading template for "spark/spark.spa.ftl"("en_IN", UTF-8, parsed) from "jar:file:/C:/Users/pooja%20manna/.m2/repository/com/aventstack/extentreports/5.1.1/extentreports-5.1.1.jar!/com/aventstack/extentreports/templates/spark/spark.spa.ftl"
2024-06-30 11:11:47,693 DEBUG [main] cache:45 - Couldn't find template in cache for "commons/commons-variables.ftl"("en_IN", UTF-8, parsed); will try to load it.
2024-06-30 11:11:47,695 DEBUG [main] cache:45 - TemplateLoader.findTemplateSource("commons/commons-variables_en_IN.ftl"): Not found
2024-06-30 11:11:47,696 DEBUG [main] cache:45 - TemplateLoader.findTemplateSource("commons/commons-variables_en.ftl"): Not found
2024-06-30 11:11:47,697 DEBUG [main] cache:45 - TemplateLoader.findTemplateSource("commons/commons-variables.ftl"): Found
2024-06-30 11:11:47,698 DEBUG [main] cache:45 - Loading template for "commons/commons-variables.ftl"("en_IN", UTF-8, parsed) from "jar:file:/C:/Users/pooja%20manna/.m2/repository/com/aventstack/extentreports/5.1.1/extentreports-5.1.1.jar!/com/aventstack/extentreports/templates/commons/commons-variables.ftl"
2024-06-30 11:11:47,977 DEBUG [main] cache:45 - Couldn't find template in cache for "commons/commons-macros.ftl"("en_IN", UTF-8, parsed); will try to load it.
2024-06-30 11:11:47,979 DEBUG [main] cache:45 - TemplateLoader.findTemplateSource("commons/commons-macros_en_IN.ftl"): Not found
2024-06-30 11:11:47,981 DEBUG [main] cache:45 - TemplateLoader.findTemplateSource("commons/commons-macros_en.ftl"): Not found
2024-06-30 11:11:47,985 DEBUG [main] cache:45 - TemplateLoader.findTemplateSource("commons/commons-macros.ftl"): Found
2024-06-30 11:11:47,986 DEBUG [main] cache:45 - Loading template for "commons/commons-macros.ftl"("en_IN", UTF-8, parsed) from "jar:file:/C:/Users/pooja%20manna/.m2/repository/com/aventstack/extentreports/5.1.1/extentreports-5.1.1.jar!/com/aventstack/extentreports/templates/commons/commons-macros.ftl"
2024-06-30 11:11:48,007 DEBUG [main] cache:45 - Couldn't find template in cache for "spark/macros/attributes.ftl"("en_IN", UTF-8, parsed); will try to load it.
2024-06-30 11:11:48,009 DEBUG [main] cache:45 - TemplateLoader.findTemplateSource("spark/macros/attributes_en_IN.ftl"): Not found
2024-06-30 11:11:48,011 DEBUG [main] cache:45 - TemplateLoader.findTemplateSource("spark/macros/attributes_en.ftl"): Not found
2024-06-30 11:11:48,013 DEBUG [main] cache:45 - TemplateLoader.findTemplateSource("spark/macros/attributes.ftl"): Found
2024-06-30 11:11:48,014 DEBUG [main] cache:45 - Loading template for "spark/macros/attributes.ftl"("en_IN", UTF-8, parsed) from "jar:file:/C:/Users/pooja%20manna/.m2/repository/com/aventstack/extentreports/5.1.1/extentreports-5.1.1.jar!/com/aventstack/extentreports/templates/spark/macros/attributes.ftl"
2024-06-30 11:11:48,019 DEBUG [main] cache:45 - Couldn't find template in cache for "spark/macros/log.ftl"("en_IN", UTF-8, parsed); will try to load it.
2024-06-30 11:11:48,020 DEBUG [main] cache:45 - TemplateLoader.findTemplateSource("spark/macros/log_en_IN.ftl"): Not found
2024-06-30 11:11:48,021 DEBUG [main] cache:45 - TemplateLoader.findTemplateSource("spark/macros/log_en.ftl"): Not found
2024-06-30 11:11:48,022 DEBUG [main] cache:45 - TemplateLoader.findTemplateSource("spark/macros/log.ftl"): Found
2024-06-30 11:11:48,023 DEBUG [main] cache:45 - Loading template for "spark/macros/log.ftl"("en_IN", UTF-8, parsed) from "jar:file:/C:/Users/pooja%20manna/.m2/repository/com/aventstack/extentreports/5.1.1/extentreports-5.1.1.jar!/com/aventstack/extentreports/templates/spark/macros/log.ftl"
2024-06-30 11:11:48,027 DEBUG [main] cache:45 - Couldn't find template in cache for "spark/macros/recurse_nodes.ftl"("en_IN", UTF-8, parsed); will try to load it.
2024-06-30 11:11:48,029 DEBUG [main] cache:45 - TemplateLoader.findTemplateSource("spark/macros/recurse_nodes_en_IN.ftl"): Not found
2024-06-30 11:11:48,031 DEBUG [main] cache:45 - TemplateLoader.findTemplateSource("spark/macros/recurse_nodes_en.ftl"): Not found
2024-06-30 11:11:48,032 DEBUG [main] cache:45 - TemplateLoader.findTemplateSource("spark/macros/recurse_nodes.ftl"): Found
2024-06-30 11:11:48,033 DEBUG [main] cache:45 - Loading template for "spark/macros/recurse_nodes.ftl"("en_IN", UTF-8, parsed) from "jar:file:/C:/Users/pooja%20manna/.m2/repository/com/aventstack/extentreports/5.1.1/extentreports-5.1.1.jar!/com/aventstack/extentreports/templates/spark/macros/recurse_nodes.ftl"
2024-06-30 11:11:48,044 DEBUG [main] cache:45 - "spark/macros/log.ftl"("en_IN", UTF-8, parsed) cached copy not yet stale; using cached.
2024-06-30 11:11:48,045 DEBUG [main] cache:45 - Couldn't find template in cache for "spark/macros/attr-common.ftl"("en_IN", UTF-8, parsed); will try to load it.
2024-06-30 11:11:48,047 DEBUG [main] cache:45 - TemplateLoader.findTemplateSource("spark/macros/attr-common_en_IN.ftl"): Not found
2024-06-30 11:11:48,049 DEBUG [main] cache:45 - TemplateLoader.findTemplateSource("spark/macros/attr-common_en.ftl"): Not found
2024-06-30 11:11:48,051 DEBUG [main] cache:45 - TemplateLoader.findTemplateSource("spark/macros/attr-common.ftl"): Found
2024-06-30 11:11:48,052 DEBUG [main] cache:45 - Loading template for "spark/macros/attr-common.ftl"("en_IN", UTF-8, parsed) from "jar:file:/C:/Users/pooja%20manna/.m2/repository/com/aventstack/extentreports/5.1.1/extentreports-5.1.1.jar!/com/aventstack/extentreports/templates/spark/macros/attr-common.ftl"
2024-06-30 11:11:48,072 DEBUG [main] cache:45 - Couldn't find template in cache for "spark/partials/head.ftl"("en_IN", UTF-8, parsed); will try to load it.
2024-06-30 11:11:48,074 DEBUG [main] cache:45 - TemplateLoader.findTemplateSource("spark/partials/head_en_IN.ftl"): Not found
2024-06-30 11:11:48,075 DEBUG [main] cache:45 - TemplateLoader.findTemplateSource("spark/partials/head_en.ftl"): Not found
2024-06-30 11:11:48,076 DEBUG [main] cache:45 - TemplateLoader.findTemplateSource("spark/partials/head.ftl"): Found
2024-06-30 11:11:48,081 DEBUG [main] cache:45 - Loading template for "spark/partials/head.ftl"("en_IN", UTF-8, parsed) from "jar:file:/C:/Users/pooja%20manna/.m2/repository/com/aventstack/extentreports/5.1.1/extentreports-5.1.1.jar!/com/aventstack/extentreports/templates/spark/partials/head.ftl"
2024-06-30 11:11:48,091 DEBUG [main] cache:45 - Couldn't find template in cache for "commons/commons-inject-css.ftl"("en_IN", UTF-8, parsed); will try to load it.
2024-06-30 11:11:48,095 DEBUG [main] cache:45 - TemplateLoader.findTemplateSource("commons/commons-inject-css_en_IN.ftl"): Not found
2024-06-30 11:11:48,097 DEBUG [main] cache:45 - TemplateLoader.findTemplateSource("commons/commons-inject-css_en.ftl"): Not found
2024-06-30 11:11:48,099 DEBUG [main] cache:45 - TemplateLoader.findTemplateSource("commons/commons-inject-css.ftl"): Found
2024-06-30 11:11:48,100 DEBUG [main] cache:45 - Loading template for "commons/commons-inject-css.ftl"("en_IN", UTF-8, parsed) from "jar:file:/C:/Users/pooja%20manna/.m2/repository/com/aventstack/extentreports/5.1.1/extentreports-5.1.1.jar!/com/aventstack/extentreports/templates/commons/commons-inject-css.ftl"
2024-06-30 11:11:48,103 DEBUG [main] cache:45 - Couldn't find template in cache for "spark/partials/navbar.ftl"("en_IN", UTF-8, parsed); will try to load it.
2024-06-30 11:11:48,105 DEBUG [main] cache:45 - TemplateLoader.findTemplateSource("spark/partials/navbar_en_IN.ftl"): Not found
2024-06-30 11:11:48,106 DEBUG [main] cache:45 - TemplateLoader.findTemplateSource("spark/partials/navbar_en.ftl"): Not found
2024-06-30 11:11:48,107 DEBUG [main] cache:45 - TemplateLoader.findTemplateSource("spark/partials/navbar.ftl"): Found
2024-06-30 11:11:48,108 DEBUG [main] cache:45 - Loading template for "spark/partials/navbar.ftl"("en_IN", UTF-8, parsed) from "jar:file:/C:/Users/pooja%20manna/.m2/repository/com/aventstack/extentreports/5.1.1/extentreports-5.1.1.jar!/com/aventstack/extentreports/templates/spark/partials/navbar.ftl"
2024-06-30 11:11:48,122 DEBUG [main] cache:45 - Couldn't find template in cache for "spark/partials/sidenav.ftl"("en_IN", UTF-8, parsed); will try to load it.
2024-06-30 11:11:48,123 DEBUG [main] cache:45 - TemplateLoader.findTemplateSource("spark/partials/sidenav_en_IN.ftl"): Not found
2024-06-30 11:11:48,125 DEBUG [main] cache:45 - TemplateLoader.findTemplateSource("spark/partials/sidenav_en.ftl"): Not found
2024-06-30 11:11:48,127 DEBUG [main] cache:45 - TemplateLoader.findTemplateSource("spark/partials/sidenav.ftl"): Found
2024-06-30 11:11:48,128 DEBUG [main] cache:45 - Loading template for "spark/partials/sidenav.ftl"("en_IN", UTF-8, parsed) from "jar:file:/C:/Users/pooja%20manna/.m2/repository/com/aventstack/extentreports/5.1.1/extentreports-5.1.1.jar!/com/aventstack/extentreports/templates/spark/partials/sidenav.ftl"
2024-06-30 11:11:48,160 DEBUG [main] cache:45 - Couldn't find template in cache for "spark/partials/test.ftl"("en_IN", UTF-8, parsed); will try to load it.
2024-06-30 11:11:48,162 DEBUG [main] cache:45 - TemplateLoader.findTemplateSource("spark/partials/test_en_IN.ftl"): Not found
2024-06-30 11:11:48,164 DEBUG [main] cache:45 - TemplateLoader.findTemplateSource("spark/partials/test_en.ftl"): Not found
2024-06-30 11:11:48,166 DEBUG [main] cache:45 - TemplateLoader.findTemplateSource("spark/partials/test.ftl"): Found
2024-06-30 11:11:48,166 DEBUG [main] cache:45 - Loading template for "spark/partials/test.ftl"("en_IN", UTF-8, parsed) from "jar:file:/C:/Users/pooja%20manna/.m2/repository/com/aventstack/extentreports/5.1.1/extentreports-5.1.1.jar!/com/aventstack/extentreports/templates/spark/partials/test.ftl"
2024-06-30 11:11:48,196 DEBUG [main] cache:45 - Couldn't find template in cache for "spark/partials/standard-content.ftl"("en_IN", UTF-8, parsed); will try to load it.
2024-06-30 11:11:48,198 DEBUG [main] cache:45 - TemplateLoader.findTemplateSource("spark/partials/standard-content_en_IN.ftl"): Not found
2024-06-30 11:11:48,199 DEBUG [main] cache:45 - TemplateLoader.findTemplateSource("spark/partials/standard-content_en.ftl"): Not found
2024-06-30 11:11:48,201 DEBUG [main] cache:45 - TemplateLoader.findTemplateSource("spark/partials/standard-content.ftl"): Found
2024-06-30 11:11:48,202 DEBUG [main] cache:45 - Loading template for "spark/partials/standard-content.ftl"("en_IN", UTF-8, parsed) from "jar:file:/C:/Users/pooja%20manna/.m2/repository/com/aventstack/extentreports/5.1.1/extentreports-5.1.1.jar!/com/aventstack/extentreports/templates/spark/partials/standard-content.ftl"
2024-06-30 11:11:48,217 DEBUG [main] cache:45 - Couldn't find template in cache for "spark/partials/exception.ftl"("en_IN", UTF-8, parsed); will try to load it.
2024-06-30 11:11:48,219 DEBUG [main] cache:45 - TemplateLoader.findTemplateSource("spark/partials/exception_en_IN.ftl"): Not found
2024-06-30 11:11:48,221 DEBUG [main] cache:45 - TemplateLoader.findTemplateSource("spark/partials/exception_en.ftl"): Not found
2024-06-30 11:11:48,222 DEBUG [main] cache:45 - TemplateLoader.findTemplateSource("spark/partials/exception.ftl"): Found
2024-06-30 11:11:48,223 DEBUG [main] cache:45 - Loading template for "spark/partials/exception.ftl"("en_IN", UTF-8, parsed) from "jar:file:/C:/Users/pooja%20manna/.m2/repository/com/aventstack/extentreports/5.1.1/extentreports-5.1.1.jar!/com/aventstack/extentreports/templates/spark/partials/exception.ftl"
2024-06-30 11:11:48,226 DEBUG [main] cache:45 - Couldn't find template in cache for "spark/partials/category.ftl"("en_IN", UTF-8, parsed); will try to load it.
2024-06-30 11:11:48,228 DEBUG [main] cache:45 - TemplateLoader.findTemplateSource("spark/partials/category_en_IN.ftl"): Not found
2024-06-30 11:11:48,229 DEBUG [main] cache:45 - TemplateLoader.findTemplateSource("spark/partials/category_en.ftl"): Not found
2024-06-30 11:11:48,229 DEBUG [main] cache:45 - TemplateLoader.findTemplateSource("spark/partials/category.ftl"): Found
2024-06-30 11:11:48,230 DEBUG [main] cache:45 - Loading template for "spark/partials/category.ftl"("en_IN", UTF-8, parsed) from "jar:file:/C:/Users/pooja%20manna/.m2/repository/com/aventstack/extentreports/5.1.1/extentreports-5.1.1.jar!/com/aventstack/extentreports/templates/spark/partials/category.ftl"
2024-06-30 11:11:48,231 DEBUG [main] cache:45 - Couldn't find template in cache for "spark/partials/device.ftl"("en_IN", UTF-8, parsed); will try to load it.
2024-06-30 11:11:48,232 DEBUG [main] cache:45 - TemplateLoader.findTemplateSource("spark/partials/device_en_IN.ftl"): Not found
2024-06-30 11:11:48,233 DEBUG [main] cache:45 - TemplateLoader.findTemplateSource("spark/partials/device_en.ftl"): Not found
2024-06-30 11:11:48,233 DEBUG [main] cache:45 - TemplateLoader.findTemplateSource("spark/partials/device.ftl"): Found
2024-06-30 11:11:48,233 DEBUG [main] cache:45 - Loading template for "spark/partials/device.ftl"("en_IN", UTF-8, parsed) from "jar:file:/C:/Users/pooja%20manna/.m2/repository/com/aventstack/extentreports/5.1.1/extentreports-5.1.1.jar!/com/aventstack/extentreports/templates/spark/partials/device.ftl"
2024-06-30 11:11:48,235 DEBUG [main] cache:45 - Couldn't find template in cache for "spark/partials/author.ftl"("en_IN", UTF-8, parsed); will try to load it.
2024-06-30 11:11:48,236 DEBUG [main] cache:45 - TemplateLoader.findTemplateSource("spark/partials/author_en_IN.ftl"): Not found
2024-06-30 11:11:48,237 DEBUG [main] cache:45 - TemplateLoader.findTemplateSource("spark/partials/author_en.ftl"): Not found
2024-06-30 11:11:48,238 DEBUG [main] cache:45 - TemplateLoader.findTemplateSource("spark/partials/author.ftl"): Found
2024-06-30 11:11:48,239 DEBUG [main] cache:45 - Loading template for "spark/partials/author.ftl"("en_IN", UTF-8, parsed) from "jar:file:/C:/Users/pooja%20manna/.m2/repository/com/aventstack/extentreports/5.1.1/extentreports-5.1.1.jar!/com/aventstack/extentreports/templates/spark/partials/author.ftl"
2024-06-30 11:11:48,241 DEBUG [main] cache:45 - Couldn't find template in cache for "spark/partials/log.ftl"("en_IN", UTF-8, parsed); will try to load it.
2024-06-30 11:11:48,243 DEBUG [main] cache:45 - TemplateLoader.findTemplateSource("spark/partials/log_en_IN.ftl"): Not found
2024-06-30 11:11:48,245 DEBUG [main] cache:45 - TemplateLoader.findTemplateSource("spark/partials/log_en.ftl"): Not found
2024-06-30 11:11:48,247 DEBUG [main] cache:45 - TemplateLoader.findTemplateSource("spark/partials/log.ftl"): Found
2024-06-30 11:11:48,248 DEBUG [main] cache:45 - Loading template for "spark/partials/log.ftl"("en_IN", UTF-8, parsed) from "jar:file:/C:/Users/pooja%20manna/.m2/repository/com/aventstack/extentreports/5.1.1/extentreports-5.1.1.jar!/com/aventstack/extentreports/templates/spark/partials/log.ftl"
2024-06-30 11:11:48,252 DEBUG [main] cache:45 - Couldn't find template in cache for "spark/partials/dashboard.ftl"("en_IN", UTF-8, parsed); will try to load it.
2024-06-30 11:11:48,253 DEBUG [main] cache:45 - TemplateLoader.findTemplateSource("spark/partials/dashboard_en_IN.ftl"): Not found
2024-06-30 11:11:48,255 DEBUG [main] cache:45 - TemplateLoader.findTemplateSource("spark/partials/dashboard_en.ftl"): Not found
2024-06-30 11:11:48,256 DEBUG [main] cache:45 - TemplateLoader.findTemplateSource("spark/partials/dashboard.ftl"): Found
2024-06-30 11:11:48,257 DEBUG [main] cache:45 - Loading template for "spark/partials/dashboard.ftl"("en_IN", UTF-8, parsed) from "jar:file:/C:/Users/pooja%20manna/.m2/repository/com/aventstack/extentreports/5.1.1/extentreports-5.1.1.jar!/com/aventstack/extentreports/templates/spark/partials/dashboard.ftl"
2024-06-30 11:11:48,349 DEBUG [main] cache:45 - Couldn't find template in cache for "spark/partials/scripts.ftl"("en_IN", UTF-8, parsed); will try to load it.
2024-06-30 11:11:48,352 DEBUG [main] cache:45 - TemplateLoader.findTemplateSource("spark/partials/scripts_en_IN.ftl"): Not found
2024-06-30 11:11:48,353 DEBUG [main] cache:45 - TemplateLoader.findTemplateSource("spark/partials/scripts_en.ftl"): Not found
2024-06-30 11:11:48,354 DEBUG [main] cache:45 - TemplateLoader.findTemplateSource("spark/partials/scripts.ftl"): Found
2024-06-30 11:11:48,355 DEBUG [main] cache:45 - Loading template for "spark/partials/scripts.ftl"("en_IN", UTF-8, parsed) from "jar:file:/C:/Users/pooja%20manna/.m2/repository/com/aventstack/extentreports/5.1.1/extentreports-5.1.1.jar!/com/aventstack/extentreports/templates/spark/partials/scripts.ftl"
2024-06-30 11:11:48,358 DEBUG [main] cache:45 - Couldn't find template in cache for "commons/commons-inject-js.ftl"("en_IN", UTF-8, parsed); will try to load it.
2024-06-30 11:11:48,363 DEBUG [main] cache:45 - TemplateLoader.findTemplateSource("commons/commons-inject-js_en_IN.ftl"): Not found
2024-06-30 11:11:48,364 DEBUG [main] cache:45 - TemplateLoader.findTemplateSource("commons/commons-inject-js_en.ftl"): Not found
2024-06-30 11:11:48,365 DEBUG [main] cache:45 - TemplateLoader.findTemplateSource("commons/commons-inject-js.ftl"): Found
2024-06-30 11:11:48,366 DEBUG [main] cache:45 - Loading template for "commons/commons-inject-js.ftl"("en_IN", UTF-8, parsed) from "jar:file:/C:/Users/pooja%20manna/.m2/repository/com/aventstack/extentreports/5.1.1/extentreports-5.1.1.jar!/com/aventstack/extentreports/templates/commons/commons-inject-js.ftl"
2024-06-30 12:29:27,993  INFO [main] ebanking:16 - url is opened
2024-06-30 12:29:28,385  INFO [main] ebanking:19 - entered username
2024-06-30 12:29:28,613  INFO [main] ebanking:21 - entered password
2024-06-30 12:29:31,390 DEBUG [main] cache:45 - Couldn't find template in cache for "spark/spark.spa.ftl"("en_IN", UTF-8, parsed); will try to load it.
2024-06-30 12:29:31,390 DEBUG [main] cache:45 - TemplateLoader.findTemplateSource("spark/spark.spa_en_IN.ftl"): Not found
2024-06-30 12:29:31,405 DEBUG [main] cache:45 - TemplateLoader.findTemplateSource("spark/spark.spa_en.ftl"): Not found
2024-06-30 12:29:31,405 DEBUG [main] cache:45 - TemplateLoader.findTemplateSource("spark/spark.spa.ftl"): Found
2024-06-30 12:29:31,405 DEBUG [main] cache:45 - Loading template for "spark/spark.spa.ftl"("en_IN", UTF-8, parsed) from "jar:file:/C:/Users/pooja%20manna/.m2/repository/com/aventstack/extentreports/5.1.1/extentreports-5.1.1.jar!/com/aventstack/extentreports/templates/spark/spark.spa.ftl"
2024-06-30 12:29:31,578 DEBUG [main] cache:45 - Couldn't find template in cache for "commons/commons-variables.ftl"("en_IN", UTF-8, parsed); will try to load it.
2024-06-30 12:29:31,578 DEBUG [main] cache:45 - TemplateLoader.findTemplateSource("commons/commons-variables_en_IN.ftl"): Not found
2024-06-30 12:29:31,578 DEBUG [main] cache:45 - TemplateLoader.findTemplateSource("commons/commons-variables_en.ftl"): Not found
2024-06-30 12:29:31,578 DEBUG [main] cache:45 - TemplateLoader.findTemplateSource("commons/commons-variables.ftl"): Found
2024-06-30 12:29:31,578 DEBUG [main] cache:45 - Loading template for "commons/commons-variables.ftl"("en_IN", UTF-8, parsed) from "jar:file:/C:/Users/pooja%20manna/.m2/repository/com/aventstack/extentreports/5.1.1/extentreports-5.1.1.jar!/com/aventstack/extentreports/templates/commons/commons-variables.ftl"
2024-06-30 12:29:31,844 DEBUG [main] cache:45 - Couldn't find template in cache for "commons/commons-macros.ftl"("en_IN", UTF-8, parsed); will try to load it.
2024-06-30 12:29:31,844 DEBUG [main] cache:45 - TemplateLoader.findTemplateSource("commons/commons-macros_en_IN.ftl"): Not found
2024-06-30 12:29:31,844 DEBUG [main] cache:45 - TemplateLoader.findTemplateSource("commons/commons-macros_en.ftl"): Not found
2024-06-30 12:29:31,844 DEBUG [main] cache:45 - TemplateLoader.findTemplateSource("commons/commons-macros.ftl"): Found
2024-06-30 12:29:31,844 DEBUG [main] cache:45 - Loading template for "commons/commons-macros.ftl"("en_IN", UTF-8, parsed) from "jar:file:/C:/Users/pooja%20manna/.m2/repository/com/aventstack/extentreports/5.1.1/extentreports-5.1.1.jar!/com/aventstack/extentreports/templates/commons/commons-macros.ftl"
2024-06-30 12:29:31,859 DEBUG [main] cache:45 - Couldn't find template in cache for "spark/macros/attributes.ftl"("en_IN", UTF-8, parsed); will try to load it.
2024-06-30 12:29:31,859 DEBUG [main] cache:45 - TemplateLoader.findTemplateSource("spark/macros/attributes_en_IN.ftl"): Not found
2024-06-30 12:29:31,875 DEBUG [main] cache:45 - TemplateLoader.findTemplateSource("spark/macros/attributes_en.ftl"): Not found
2024-06-30 12:29:31,875 DEBUG [main] cache:45 - TemplateLoader.findTemplateSource("spark/macros/attributes.ftl"): Found
2024-06-30 12:29:31,875 DEBUG [main] cache:45 - Loading template for "spark/macros/attributes.ftl"("en_IN", UTF-8, parsed) from "jar:file:/C:/Users/pooja%20manna/.m2/repository/com/aventstack/extentreports/5.1.1/extentreports-5.1.1.jar!/com/aventstack/extentreports/templates/spark/macros/attributes.ftl"
2024-06-30 12:29:31,875 DEBUG [main] cache:45 - Couldn't find template in cache for "spark/macros/log.ftl"("en_IN", UTF-8, parsed); will try to load it.
2024-06-30 12:29:31,875 DEBUG [main] cache:45 - TemplateLoader.findTemplateSource("spark/macros/log_en_IN.ftl"): Not found
2024-06-30 12:29:31,875 DEBUG [main] cache:45 - TemplateLoader.findTemplateSource("spark/macros/log_en.ftl"): Not found
2024-06-30 12:29:31,875 DEBUG [main] cache:45 - TemplateLoader.findTemplateSource("spark/macros/log.ftl"): Found
2024-06-30 12:29:31,875 DEBUG [main] cache:45 - Loading template for "spark/macros/log.ftl"("en_IN", UTF-8, parsed) from "jar:file:/C:/Users/pooja%20manna/.m2/repository/com/aventstack/extentreports/5.1.1/extentreports-5.1.1.jar!/com/aventstack/extentreports/templates/spark/macros/log.ftl"
2024-06-30 12:29:31,891 DEBUG [main] cache:45 - Couldn't find template in cache for "spark/macros/recurse_nodes.ftl"("en_IN", UTF-8, parsed); will try to load it.
2024-06-30 12:29:31,891 DEBUG [main] cache:45 - TemplateLoader.findTemplateSource("spark/macros/recurse_nodes_en_IN.ftl"): Not found
2024-06-30 12:29:31,891 DEBUG [main] cache:45 - TemplateLoader.findTemplateSource("spark/macros/recurse_nodes_en.ftl"): Not found
2024-06-30 12:29:31,891 DEBUG [main] cache:45 - TemplateLoader.findTemplateSource("spark/macros/recurse_nodes.ftl"): Found
2024-06-30 12:29:31,891 DEBUG [main] cache:45 - Loading template for "spark/macros/recurse_nodes.ftl"("en_IN", UTF-8, parsed) from "jar:file:/C:/Users/pooja%20manna/.m2/repository/com/aventstack/extentreports/5.1.1/extentreports-5.1.1.jar!/com/aventstack/extentreports/templates/spark/macros/recurse_nodes.ftl"
2024-06-30 12:29:31,891 DEBUG [main] cache:45 - "spark/macros/log.ftl"("en_IN", UTF-8, parsed) cached copy not yet stale; using cached.
2024-06-30 12:29:31,891 DEBUG [main] cache:45 - Couldn't find template in cache for "spark/macros/attr-common.ftl"("en_IN", UTF-8, parsed); will try to load it.
2024-06-30 12:29:31,906 DEBUG [main] cache:45 - TemplateLoader.findTemplateSource("spark/macros/attr-common_en_IN.ftl"): Not found
2024-06-30 12:29:31,906 DEBUG [main] cache:45 - TemplateLoader.findTemplateSource("spark/macros/attr-common_en.ftl"): Not found
2024-06-30 12:29:31,906 DEBUG [main] cache:45 - TemplateLoader.findTemplateSource("spark/macros/attr-common.ftl"): Found
2024-06-30 12:29:31,906 DEBUG [main] cache:45 - Loading template for "spark/macros/attr-common.ftl"("en_IN", UTF-8, parsed) from "jar:file:/C:/Users/pooja%20manna/.m2/repository/com/aventstack/extentreports/5.1.1/extentreports-5.1.1.jar!/com/aventstack/extentreports/templates/spark/macros/attr-common.ftl"
2024-06-30 12:29:31,922 DEBUG [main] cache:45 - Couldn't find template in cache for "spark/partials/head.ftl"("en_IN", UTF-8, parsed); will try to load it.
2024-06-30 12:29:31,922 DEBUG [main] cache:45 - TemplateLoader.findTemplateSource("spark/partials/head_en_IN.ftl"): Not found
2024-06-30 12:29:31,937 DEBUG [main] cache:45 - TemplateLoader.findTemplateSource("spark/partials/head_en.ftl"): Not found
2024-06-30 12:29:31,937 DEBUG [main] cache:45 - TemplateLoader.findTemplateSource("spark/partials/head.ftl"): Found
2024-06-30 12:29:31,937 DEBUG [main] cache:45 - Loading template for "spark/partials/head.ftl"("en_IN", UTF-8, parsed) from "jar:file:/C:/Users/pooja%20manna/.m2/repository/com/aventstack/extentreports/5.1.1/extentreports-5.1.1.jar!/com/aventstack/extentreports/templates/spark/partials/head.ftl"
2024-06-30 12:29:31,937 DEBUG [main] cache:45 - Couldn't find template in cache for "commons/commons-inject-css.ftl"("en_IN", UTF-8, parsed); will try to load it.
2024-06-30 12:29:31,953 DEBUG [main] cache:45 - TemplateLoader.findTemplateSource("commons/commons-inject-css_en_IN.ftl"): Not found
2024-06-30 12:29:31,953 DEBUG [main] cache:45 - TemplateLoader.findTemplateSource("commons/commons-inject-css_en.ftl"): Not found
2024-06-30 12:29:31,953 DEBUG [main] cache:45 - TemplateLoader.findTemplateSource("commons/commons-inject-css.ftl"): Found
2024-06-30 12:29:31,953 DEBUG [main] cache:45 - Loading template for "commons/commons-inject-css.ftl"("en_IN", UTF-8, parsed) from "jar:file:/C:/Users/pooja%20manna/.m2/repository/com/aventstack/extentreports/5.1.1/extentreports-5.1.1.jar!/com/aventstack/extentreports/templates/commons/commons-inject-css.ftl"
2024-06-30 12:29:31,953 DEBUG [main] cache:45 - Couldn't find template in cache for "spark/partials/navbar.ftl"("en_IN", UTF-8, parsed); will try to load it.
2024-06-30 12:29:31,953 DEBUG [main] cache:45 - TemplateLoader.findTemplateSource("spark/partials/navbar_en_IN.ftl"): Not found
2024-06-30 12:29:31,953 DEBUG [main] cache:45 - TemplateLoader.findTemplateSource("spark/partials/navbar_en.ftl"): Not found
2024-06-30 12:29:31,953 DEBUG [main] cache:45 - TemplateLoader.findTemplateSource("spark/partials/navbar.ftl"): Found
2024-06-30 12:29:31,953 DEBUG [main] cache:45 - Loading template for "spark/partials/navbar.ftl"("en_IN", UTF-8, parsed) from "jar:file:/C:/Users/pooja%20manna/.m2/repository/com/aventstack/extentreports/5.1.1/extentreports-5.1.1.jar!/com/aventstack/extentreports/templates/spark/partials/navbar.ftl"
2024-06-30 12:29:31,969 DEBUG [main] cache:45 - Couldn't find template in cache for "spark/partials/sidenav.ftl"("en_IN", UTF-8, parsed); will try to load it.
2024-06-30 12:29:31,969 DEBUG [main] cache:45 - TemplateLoader.findTemplateSource("spark/partials/sidenav_en_IN.ftl"): Not found
2024-06-30 12:29:31,969 DEBUG [main] cache:45 - TemplateLoader.findTemplateSource("spark/partials/sidenav_en.ftl"): Not found
2024-06-30 12:29:31,969 DEBUG [main] cache:45 - TemplateLoader.findTemplateSource("spark/partials/sidenav.ftl"): Found
2024-06-30 12:29:31,969 DEBUG [main] cache:45 - Loading template for "spark/partials/sidenav.ftl"("en_IN", UTF-8, parsed) from "jar:file:/C:/Users/pooja%20manna/.m2/repository/com/aventstack/extentreports/5.1.1/extentreports-5.1.1.jar!/com/aventstack/extentreports/templates/spark/partials/sidenav.ftl"
2024-06-30 12:29:32,000 DEBUG [main] cache:45 - Couldn't find template in cache for "spark/partials/test.ftl"("en_IN", UTF-8, parsed); will try to load it.
2024-06-30 12:29:32,000 DEBUG [main] cache:45 - TemplateLoader.findTemplateSource("spark/partials/test_en_IN.ftl"): Not found
2024-06-30 12:29:32,000 DEBUG [main] cache:45 - TemplateLoader.findTemplateSource("spark/partials/test_en.ftl"): Not found
2024-06-30 12:29:32,000 DEBUG [main] cache:45 - TemplateLoader.findTemplateSource("spark/partials/test.ftl"): Found
2024-06-30 12:29:32,000 DEBUG [main] cache:45 - Loading template for "spark/partials/test.ftl"("en_IN", UTF-8, parsed) from "jar:file:/C:/Users/pooja%20manna/.m2/repository/com/aventstack/extentreports/5.1.1/extentreports-5.1.1.jar!/com/aventstack/extentreports/templates/spark/partials/test.ftl"
2024-06-30 12:29:32,031 DEBUG [main] cache:45 - Couldn't find template in cache for "spark/partials/standard-content.ftl"("en_IN", UTF-8, parsed); will try to load it.
2024-06-30 12:29:32,031 DEBUG [main] cache:45 - TemplateLoader.findTemplateSource("spark/partials/standard-content_en_IN.ftl"): Not found
2024-06-30 12:29:32,031 DEBUG [main] cache:45 - TemplateLoader.findTemplateSource("spark/partials/standard-content_en.ftl"): Not found
2024-06-30 12:29:32,044 DEBUG [main] cache:45 - TemplateLoader.findTemplateSource("spark/partials/standard-content.ftl"): Found
2024-06-30 12:29:32,044 DEBUG [main] cache:45 - Loading template for "spark/partials/standard-content.ftl"("en_IN", UTF-8, parsed) from "jar:file:/C:/Users/pooja%20manna/.m2/repository/com/aventstack/extentreports/5.1.1/extentreports-5.1.1.jar!/com/aventstack/extentreports/templates/spark/partials/standard-content.ftl"
2024-06-30 12:29:32,063 DEBUG [main] cache:45 - Couldn't find template in cache for "spark/partials/exception.ftl"("en_IN", UTF-8, parsed); will try to load it.
2024-06-30 12:29:32,063 DEBUG [main] cache:45 - TemplateLoader.findTemplateSource("spark/partials/exception_en_IN.ftl"): Not found
2024-06-30 12:29:32,063 DEBUG [main] cache:45 - TemplateLoader.findTemplateSource("spark/partials/exception_en.ftl"): Not found
2024-06-30 12:29:32,063 DEBUG [main] cache:45 - TemplateLoader.findTemplateSource("spark/partials/exception.ftl"): Found
2024-06-30 12:29:32,063 DEBUG [main] cache:45 - Loading template for "spark/partials/exception.ftl"("en_IN", UTF-8, parsed) from "jar:file:/C:/Users/pooja%20manna/.m2/repository/com/aventstack/extentreports/5.1.1/extentreports-5.1.1.jar!/com/aventstack/extentreports/templates/spark/partials/exception.ftl"
2024-06-30 12:29:32,063 DEBUG [main] cache:45 - Couldn't find template in cache for "spark/partials/category.ftl"("en_IN", UTF-8, parsed); will try to load it.
2024-06-30 12:29:32,063 DEBUG [main] cache:45 - TemplateLoader.findTemplateSource("spark/partials/category_en_IN.ftl"): Not found
2024-06-30 12:29:32,063 DEBUG [main] cache:45 - TemplateLoader.findTemplateSource("spark/partials/category_en.ftl"): Not found
2024-06-30 12:29:32,063 DEBUG [main] cache:45 - TemplateLoader.findTemplateSource("spark/partials/category.ftl"): Found
2024-06-30 12:29:32,063 DEBUG [main] cache:45 - Loading template for "spark/partials/category.ftl"("en_IN", UTF-8, parsed) from "jar:file:/C:/Users/pooja%20manna/.m2/repository/com/aventstack/extentreports/5.1.1/extentreports-5.1.1.jar!/com/aventstack/extentreports/templates/spark/partials/category.ftl"
2024-06-30 12:29:32,079 DEBUG [main] cache:45 - Couldn't find template in cache for "spark/partials/device.ftl"("en_IN", UTF-8, parsed); will try to load it.
2024-06-30 12:29:32,079 DEBUG [main] cache:45 - TemplateLoader.findTemplateSource("spark/partials/device_en_IN.ftl"): Not found
2024-06-30 12:29:32,079 DEBUG [main] cache:45 - TemplateLoader.findTemplateSource("spark/partials/device_en.ftl"): Not found
2024-06-30 12:29:32,079 DEBUG [main] cache:45 - TemplateLoader.findTemplateSource("spark/partials/device.ftl"): Found
2024-06-30 12:29:32,079 DEBUG [main] cache:45 - Loading template for "spark/partials/device.ftl"("en_IN", UTF-8, parsed) from "jar:file:/C:/Users/pooja%20manna/.m2/repository/com/aventstack/extentreports/5.1.1/extentreports-5.1.1.jar!/com/aventstack/extentreports/templates/spark/partials/device.ftl"
2024-06-30 12:29:32,079 DEBUG [main] cache:45 - Couldn't find template in cache for "spark/partials/author.ftl"("en_IN", UTF-8, parsed); will try to load it.
2024-06-30 12:29:32,079 DEBUG [main] cache:45 - TemplateLoader.findTemplateSource("spark/partials/author_en_IN.ftl"): Not found
2024-06-30 12:29:32,079 DEBUG [main] cache:45 - TemplateLoader.findTemplateSource("spark/partials/author_en.ftl"): Not found
2024-06-30 12:29:32,094 DEBUG [main] cache:45 - TemplateLoader.findTemplateSource("spark/partials/author.ftl"): Found
2024-06-30 12:29:32,094 DEBUG [main] cache:45 - Loading template for "spark/partials/author.ftl"("en_IN", UTF-8, parsed) from "jar:file:/C:/Users/pooja%20manna/.m2/repository/com/aventstack/extentreports/5.1.1/extentreports-5.1.1.jar!/com/aventstack/extentreports/templates/spark/partials/author.ftl"
2024-06-30 12:29:32,094 DEBUG [main] cache:45 - Couldn't find template in cache for "spark/partials/log.ftl"("en_IN", UTF-8, parsed); will try to load it.
2024-06-30 12:29:32,094 DEBUG [main] cache:45 - TemplateLoader.findTemplateSource("spark/partials/log_en_IN.ftl"): Not found
2024-06-30 12:29:32,094 DEBUG [main] cache:45 - TemplateLoader.findTemplateSource("spark/partials/log_en.ftl"): Not found
2024-06-30 12:29:32,094 DEBUG [main] cache:45 - TemplateLoader.findTemplateSource("spark/partials/log.ftl"): Found
2024-06-30 12:29:32,094 DEBUG [main] cache:45 - Loading template for "spark/partials/log.ftl"("en_IN", UTF-8, parsed) from "jar:file:/C:/Users/pooja%20manna/.m2/repository/com/aventstack/extentreports/5.1.1/extentreports-5.1.1.jar!/com/aventstack/extentreports/templates/spark/partials/log.ftl"
2024-06-30 12:29:32,094 DEBUG [main] cache:45 - Couldn't find template in cache for "spark/partials/dashboard.ftl"("en_IN", UTF-8, parsed); will try to load it.
2024-06-30 12:29:32,094 DEBUG [main] cache:45 - TemplateLoader.findTemplateSource("spark/partials/dashboard_en_IN.ftl"): Not found
2024-06-30 12:29:32,111 DEBUG [main] cache:45 - TemplateLoader.findTemplateSource("spark/partials/dashboard_en.ftl"): Not found
2024-06-30 12:29:32,111 DEBUG [main] cache:45 - TemplateLoader.findTemplateSource("spark/partials/dashboard.ftl"): Found
2024-06-30 12:29:32,111 DEBUG [main] cache:45 - Loading template for "spark/partials/dashboard.ftl"("en_IN", UTF-8, parsed) from "jar:file:/C:/Users/pooja%20manna/.m2/repository/com/aventstack/extentreports/5.1.1/extentreports-5.1.1.jar!/com/aventstack/extentreports/templates/spark/partials/dashboard.ftl"
2024-06-30 12:29:32,204 DEBUG [main] cache:45 - Couldn't find template in cache for "spark/partials/scripts.ftl"("en_IN", UTF-8, parsed); will try to load it.
2024-06-30 12:29:32,204 DEBUG [main] cache:45 - TemplateLoader.findTemplateSource("spark/partials/scripts_en_IN.ftl"): Not found
2024-06-30 12:29:32,204 DEBUG [main] cache:45 - TemplateLoader.findTemplateSource("spark/partials/scripts_en.ftl"): Not found
2024-06-30 12:29:32,204 DEBUG [main] cache:45 - TemplateLoader.findTemplateSource("spark/partials/scripts.ftl"): Found
2024-06-30 12:29:32,204 DEBUG [main] cache:45 - Loading template for "spark/partials/scripts.ftl"("en_IN", UTF-8, parsed) from "jar:file:/C:/Users/pooja%20manna/.m2/repository/com/aventstack/extentreports/5.1.1/extentreports-5.1.1.jar!/com/aventstack/extentreports/templates/spark/partials/scripts.ftl"
2024-06-30 12:29:32,219 DEBUG [main] cache:45 - Couldn't find template in cache for "commons/commons-inject-js.ftl"("en_IN", UTF-8, parsed); will try to load it.
2024-06-30 12:29:32,219 DEBUG [main] cache:45 - TemplateLoader.findTemplateSource("commons/commons-inject-js_en_IN.ftl"): Not found
2024-06-30 12:29:32,219 DEBUG [main] cache:45 - TemplateLoader.findTemplateSource("commons/commons-inject-js_en.ftl"): Not found
2024-06-30 12:29:32,219 DEBUG [main] cache:45 - TemplateLoader.findTemplateSource("commons/commons-inject-js.ftl"): Found
2024-06-30 12:29:32,219 DEBUG [main] cache:45 - Loading template for "commons/commons-inject-js.ftl"("en_IN", UTF-8, parsed) from "jar:file:/C:/Users/pooja%20manna/.m2/repository/com/aventstack/extentreports/5.1.1/extentreports-5.1.1.jar!/com/aventstack/extentreports/templates/commons/commons-inject-js.ftl"
2024-07-02 07:43:37,861 DEBUG [main] cache:45 - Couldn't find template in cache for "spark/spark.spa.ftl"("en_IN", UTF-8, parsed); will try to load it.
2024-07-02 07:43:37,866 DEBUG [main] cache:45 - TemplateLoader.findTemplateSource("spark/spark.spa_en_IN.ftl"): Not found
2024-07-02 07:43:37,870 DEBUG [main] cache:45 - TemplateLoader.findTemplateSource("spark/spark.spa_en.ftl"): Not found
2024-07-02 07:43:37,871 DEBUG [main] cache:45 - TemplateLoader.findTemplateSource("spark/spark.spa.ftl"): Found
2024-07-02 07:43:37,872 DEBUG [main] cache:45 - Loading template for "spark/spark.spa.ftl"("en_IN", UTF-8, parsed) from "jar:file:/C:/Users/pooja%20manna/.m2/repository/com/aventstack/extentreports/5.1.1/extentreports-5.1.1.jar!/com/aventstack/extentreports/templates/spark/spark.spa.ftl"
2024-07-02 07:43:37,984 DEBUG [main] cache:45 - Couldn't find template in cache for "commons/commons-variables.ftl"("en_IN", UTF-8, parsed); will try to load it.
2024-07-02 07:43:37,985 DEBUG [main] cache:45 - TemplateLoader.findTemplateSource("commons/commons-variables_en_IN.ftl"): Not found
2024-07-02 07:43:37,987 DEBUG [main] cache:45 - TemplateLoader.findTemplateSource("commons/commons-variables_en.ftl"): Not found
2024-07-02 07:43:37,988 DEBUG [main] cache:45 - TemplateLoader.findTemplateSource("commons/commons-variables.ftl"): Found
2024-07-02 07:43:37,988 DEBUG [main] cache:45 - Loading template for "commons/commons-variables.ftl"("en_IN", UTF-8, parsed) from "jar:file:/C:/Users/pooja%20manna/.m2/repository/com/aventstack/extentreports/5.1.1/extentreports-5.1.1.jar!/com/aventstack/extentreports/templates/commons/commons-variables.ftl"
2024-07-02 07:43:38,132 DEBUG [main] cache:45 - Couldn't find template in cache for "commons/commons-macros.ftl"("en_IN", UTF-8, parsed); will try to load it.
2024-07-02 07:43:38,133 DEBUG [main] cache:45 - TemplateLoader.findTemplateSource("commons/commons-macros_en_IN.ftl"): Not found
2024-07-02 07:43:38,134 DEBUG [main] cache:45 - TemplateLoader.findTemplateSource("commons/commons-macros_en.ftl"): Not found
2024-07-02 07:43:38,135 DEBUG [main] cache:45 - TemplateLoader.findTemplateSource("commons/commons-macros.ftl"): Found
2024-07-02 07:43:38,136 DEBUG [main] cache:45 - Loading template for "commons/commons-macros.ftl"("en_IN", UTF-8, parsed) from "jar:file:/C:/Users/pooja%20manna/.m2/repository/com/aventstack/extentreports/5.1.1/extentreports-5.1.1.jar!/com/aventstack/extentreports/templates/commons/commons-macros.ftl"
2024-07-02 07:43:38,151 DEBUG [main] cache:45 - Couldn't find template in cache for "spark/macros/attributes.ftl"("en_IN", UTF-8, parsed); will try to load it.
2024-07-02 07:43:38,154 DEBUG [main] cache:45 - TemplateLoader.findTemplateSource("spark/macros/attributes_en_IN.ftl"): Not found
2024-07-02 07:43:38,156 DEBUG [main] cache:45 - TemplateLoader.findTemplateSource("spark/macros/attributes_en.ftl"): Not found
2024-07-02 07:43:38,158 DEBUG [main] cache:45 - TemplateLoader.findTemplateSource("spark/macros/attributes.ftl"): Found
2024-07-02 07:43:38,159 DEBUG [main] cache:45 - Loading template for "spark/macros/attributes.ftl"("en_IN", UTF-8, parsed) from "jar:file:/C:/Users/pooja%20manna/.m2/repository/com/aventstack/extentreports/5.1.1/extentreports-5.1.1.jar!/com/aventstack/extentreports/templates/spark/macros/attributes.ftl"
2024-07-02 07:43:38,162 DEBUG [main] cache:45 - Couldn't find template in cache for "spark/macros/log.ftl"("en_IN", UTF-8, parsed); will try to load it.
2024-07-02 07:43:38,163 DEBUG [main] cache:45 - TemplateLoader.findTemplateSource("spark/macros/log_en_IN.ftl"): Not found
2024-07-02 07:43:38,164 DEBUG [main] cache:45 - TemplateLoader.findTemplateSource("spark/macros/log_en.ftl"): Not found
2024-07-02 07:43:38,166 DEBUG [main] cache:45 - TemplateLoader.findTemplateSource("spark/macros/log.ftl"): Found
2024-07-02 07:43:38,166 DEBUG [main] cache:45 - Loading template for "spark/macros/log.ftl"("en_IN", UTF-8, parsed) from "jar:file:/C:/Users/pooja%20manna/.m2/repository/com/aventstack/extentreports/5.1.1/extentreports-5.1.1.jar!/com/aventstack/extentreports/templates/spark/macros/log.ftl"
2024-07-02 07:43:38,170 DEBUG [main] cache:45 - Couldn't find template in cache for "spark/macros/recurse_nodes.ftl"("en_IN", UTF-8, parsed); will try to load it.
2024-07-02 07:43:38,171 DEBUG [main] cache:45 - TemplateLoader.findTemplateSource("spark/macros/recurse_nodes_en_IN.ftl"): Not found
2024-07-02 07:43:38,173 DEBUG [main] cache:45 - TemplateLoader.findTemplateSource("spark/macros/recurse_nodes_en.ftl"): Not found
2024-07-02 07:43:38,173 DEBUG [main] cache:45 - TemplateLoader.findTemplateSource("spark/macros/recurse_nodes.ftl"): Found
2024-07-02 07:43:38,174 DEBUG [main] cache:45 - Loading template for "spark/macros/recurse_nodes.ftl"("en_IN", UTF-8, parsed) from "jar:file:/C:/Users/pooja%20manna/.m2/repository/com/aventstack/extentreports/5.1.1/extentreports-5.1.1.jar!/com/aventstack/extentreports/templates/spark/macros/recurse_nodes.ftl"
2024-07-02 07:43:38,182 DEBUG [main] cache:45 - "spark/macros/log.ftl"("en_IN", UTF-8, parsed) cached copy not yet stale; using cached.
2024-07-02 07:43:38,184 DEBUG [main] cache:45 - Couldn't find template in cache for "spark/macros/attr-common.ftl"("en_IN", UTF-8, parsed); will try to load it.
2024-07-02 07:43:38,186 DEBUG [main] cache:45 - TemplateLoader.findTemplateSource("spark/macros/attr-common_en_IN.ftl"): Not found
2024-07-02 07:43:38,187 DEBUG [main] cache:45 - TemplateLoader.findTemplateSource("spark/macros/attr-common_en.ftl"): Not found
2024-07-02 07:43:38,189 DEBUG [main] cache:45 - TemplateLoader.findTemplateSource("spark/macros/attr-common.ftl"): Found
2024-07-02 07:43:38,189 DEBUG [main] cache:45 - Loading template for "spark/macros/attr-common.ftl"("en_IN", UTF-8, parsed) from "jar:file:/C:/Users/pooja%20manna/.m2/repository/com/aventstack/extentreports/5.1.1/extentreports-5.1.1.jar!/com/aventstack/extentreports/templates/spark/macros/attr-common.ftl"
2024-07-02 07:43:38,204 DEBUG [main] cache:45 - Couldn't find template in cache for "spark/partials/head.ftl"("en_IN", UTF-8, parsed); will try to load it.
2024-07-02 07:43:38,206 DEBUG [main] cache:45 - TemplateLoader.findTemplateSource("spark/partials/head_en_IN.ftl"): Not found
2024-07-02 07:43:38,207 DEBUG [main] cache:45 - TemplateLoader.findTemplateSource("spark/partials/head_en.ftl"): Not found
2024-07-02 07:43:38,209 DEBUG [main] cache:45 - TemplateLoader.findTemplateSource("spark/partials/head.ftl"): Found
2024-07-02 07:43:38,209 DEBUG [main] cache:45 - Loading template for "spark/partials/head.ftl"("en_IN", UTF-8, parsed) from "jar:file:/C:/Users/pooja%20manna/.m2/repository/com/aventstack/extentreports/5.1.1/extentreports-5.1.1.jar!/com/aventstack/extentreports/templates/spark/partials/head.ftl"
2024-07-02 07:43:38,214 DEBUG [main] cache:45 - Couldn't find template in cache for "commons/commons-inject-css.ftl"("en_IN", UTF-8, parsed); will try to load it.
2024-07-02 07:43:38,216 DEBUG [main] cache:45 - TemplateLoader.findTemplateSource("commons/commons-inject-css_en_IN.ftl"): Not found
2024-07-02 07:43:38,218 DEBUG [main] cache:45 - TemplateLoader.findTemplateSource("commons/commons-inject-css_en.ftl"): Not found
2024-07-02 07:43:38,219 DEBUG [main] cache:45 - TemplateLoader.findTemplateSource("commons/commons-inject-css.ftl"): Found
2024-07-02 07:43:38,220 DEBUG [main] cache:45 - Loading template for "commons/commons-inject-css.ftl"("en_IN", UTF-8, parsed) from "jar:file:/C:/Users/pooja%20manna/.m2/repository/com/aventstack/extentreports/5.1.1/extentreports-5.1.1.jar!/com/aventstack/extentreports/templates/commons/commons-inject-css.ftl"
2024-07-02 07:43:38,222 DEBUG [main] cache:45 - Couldn't find template in cache for "spark/partials/navbar.ftl"("en_IN", UTF-8, parsed); will try to load it.
2024-07-02 07:43:38,223 DEBUG [main] cache:45 - TemplateLoader.findTemplateSource("spark/partials/navbar_en_IN.ftl"): Not found
2024-07-02 07:43:38,224 DEBUG [main] cache:45 - TemplateLoader.findTemplateSource("spark/partials/navbar_en.ftl"): Not found
2024-07-02 07:43:38,225 DEBUG [main] cache:45 - TemplateLoader.findTemplateSource("spark/partials/navbar.ftl"): Found
2024-07-02 07:43:38,226 DEBUG [main] cache:45 - Loading template for "spark/partials/navbar.ftl"("en_IN", UTF-8, parsed) from "jar:file:/C:/Users/pooja%20manna/.m2/repository/com/aventstack/extentreports/5.1.1/extentreports-5.1.1.jar!/com/aventstack/extentreports/templates/spark/partials/navbar.ftl"
2024-07-02 07:43:38,237 DEBUG [main] cache:45 - Couldn't find template in cache for "spark/partials/sidenav.ftl"("en_IN", UTF-8, parsed); will try to load it.
2024-07-02 07:43:38,238 DEBUG [main] cache:45 - TemplateLoader.findTemplateSource("spark/partials/sidenav_en_IN.ftl"): Not found
2024-07-02 07:43:38,240 DEBUG [main] cache:45 - TemplateLoader.findTemplateSource("spark/partials/sidenav_en.ftl"): Not found
2024-07-02 07:43:38,240 DEBUG [main] cache:45 - TemplateLoader.findTemplateSource("spark/partials/sidenav.ftl"): Found
2024-07-02 07:43:38,241 DEBUG [main] cache:45 - Loading template for "spark/partials/sidenav.ftl"("en_IN", UTF-8, parsed) from "jar:file:/C:/Users/pooja%20manna/.m2/repository/com/aventstack/extentreports/5.1.1/extentreports-5.1.1.jar!/com/aventstack/extentreports/templates/spark/partials/sidenav.ftl"
2024-07-02 07:43:38,262 DEBUG [main] cache:45 - Couldn't find template in cache for "spark/partials/test.ftl"("en_IN", UTF-8, parsed); will try to load it.
2024-07-02 07:43:38,264 DEBUG [main] cache:45 - TemplateLoader.findTemplateSource("spark/partials/test_en_IN.ftl"): Not found
2024-07-02 07:43:38,266 DEBUG [main] cache:45 - TemplateLoader.findTemplateSource("spark/partials/test_en.ftl"): Not found
2024-07-02 07:43:38,268 DEBUG [main] cache:45 - TemplateLoader.findTemplateSource("spark/partials/test.ftl"): Found
2024-07-02 07:43:38,268 DEBUG [main] cache:45 - Loading template for "spark/partials/test.ftl"("en_IN", UTF-8, parsed) from "jar:file:/C:/Users/pooja%20manna/.m2/repository/com/aventstack/extentreports/5.1.1/extentreports-5.1.1.jar!/com/aventstack/extentreports/templates/spark/partials/test.ftl"
2024-07-02 07:43:38,290 DEBUG [main] cache:45 - Couldn't find template in cache for "spark/partials/standard-content.ftl"("en_IN", UTF-8, parsed); will try to load it.
2024-07-02 07:43:38,291 DEBUG [main] cache:45 - TemplateLoader.findTemplateSource("spark/partials/standard-content_en_IN.ftl"): Not found
2024-07-02 07:43:38,291 DEBUG [main] cache:45 - TemplateLoader.findTemplateSource("spark/partials/standard-content_en.ftl"): Not found
2024-07-02 07:43:38,292 DEBUG [main] cache:45 - TemplateLoader.findTemplateSource("spark/partials/standard-content.ftl"): Found
2024-07-02 07:43:38,293 DEBUG [main] cache:45 - Loading template for "spark/partials/standard-content.ftl"("en_IN", UTF-8, parsed) from "jar:file:/C:/Users/pooja%20manna/.m2/repository/com/aventstack/extentreports/5.1.1/extentreports-5.1.1.jar!/com/aventstack/extentreports/templates/spark/partials/standard-content.ftl"
2024-07-02 07:43:38,305 DEBUG [main] cache:45 - Couldn't find template in cache for "spark/partials/exception.ftl"("en_IN", UTF-8, parsed); will try to load it.
2024-07-02 07:43:38,307 DEBUG [main] cache:45 - TemplateLoader.findTemplateSource("spark/partials/exception_en_IN.ftl"): Not found
2024-07-02 07:43:38,308 DEBUG [main] cache:45 - TemplateLoader.findTemplateSource("spark/partials/exception_en.ftl"): Not found
2024-07-02 07:43:38,309 DEBUG [main] cache:45 - TemplateLoader.findTemplateSource("spark/partials/exception.ftl"): Found
2024-07-02 07:43:38,310 DEBUG [main] cache:45 - Loading template for "spark/partials/exception.ftl"("en_IN", UTF-8, parsed) from "jar:file:/C:/Users/pooja%20manna/.m2/repository/com/aventstack/extentreports/5.1.1/extentreports-5.1.1.jar!/com/aventstack/extentreports/templates/spark/partials/exception.ftl"
2024-07-02 07:43:38,312 DEBUG [main] cache:45 - Couldn't find template in cache for "spark/partials/category.ftl"("en_IN", UTF-8, parsed); will try to load it.
2024-07-02 07:43:38,314 DEBUG [main] cache:45 - TemplateLoader.findTemplateSource("spark/partials/category_en_IN.ftl"): Not found
2024-07-02 07:43:38,316 DEBUG [main] cache:45 - TemplateLoader.findTemplateSource("spark/partials/category_en.ftl"): Not found
2024-07-02 07:43:38,318 DEBUG [main] cache:45 - TemplateLoader.findTemplateSource("spark/partials/category.ftl"): Found
2024-07-02 07:43:38,318 DEBUG [main] cache:45 - Loading template for "spark/partials/category.ftl"("en_IN", UTF-8, parsed) from "jar:file:/C:/Users/pooja%20manna/.m2/repository/com/aventstack/extentreports/5.1.1/extentreports-5.1.1.jar!/com/aventstack/extentreports/templates/spark/partials/category.ftl"
2024-07-02 07:43:38,322 DEBUG [main] cache:45 - Couldn't find template in cache for "spark/partials/device.ftl"("en_IN", UTF-8, parsed); will try to load it.
2024-07-02 07:43:38,323 DEBUG [main] cache:45 - TemplateLoader.findTemplateSource("spark/partials/device_en_IN.ftl"): Not found
2024-07-02 07:43:38,324 DEBUG [main] cache:45 - TemplateLoader.findTemplateSource("spark/partials/device_en.ftl"): Not found
2024-07-02 07:43:38,327 DEBUG [main] cache:45 - TemplateLoader.findTemplateSource("spark/partials/device.ftl"): Found
2024-07-02 07:43:38,328 DEBUG [main] cache:45 - Loading template for "spark/partials/device.ftl"("en_IN", UTF-8, parsed) from "jar:file:/C:/Users/pooja%20manna/.m2/repository/com/aventstack/extentreports/5.1.1/extentreports-5.1.1.jar!/com/aventstack/extentreports/templates/spark/partials/device.ftl"
2024-07-02 07:43:38,330 DEBUG [main] cache:45 - Couldn't find template in cache for "spark/partials/author.ftl"("en_IN", UTF-8, parsed); will try to load it.
2024-07-02 07:43:38,331 DEBUG [main] cache:45 - TemplateLoader.findTemplateSource("spark/partials/author_en_IN.ftl"): Not found
2024-07-02 07:43:38,332 DEBUG [main] cache:45 - TemplateLoader.findTemplateSource("spark/partials/author_en.ftl"): Not found
2024-07-02 07:43:38,334 DEBUG [main] cache:45 - TemplateLoader.findTemplateSource("spark/partials/author.ftl"): Found
2024-07-02 07:43:38,335 DEBUG [main] cache:45 - Loading template for "spark/partials/author.ftl"("en_IN", UTF-8, parsed) from "jar:file:/C:/Users/pooja%20manna/.m2/repository/com/aventstack/extentreports/5.1.1/extentreports-5.1.1.jar!/com/aventstack/extentreports/templates/spark/partials/author.ftl"
2024-07-02 07:43:38,337 DEBUG [main] cache:45 - Couldn't find template in cache for "spark/partials/log.ftl"("en_IN", UTF-8, parsed); will try to load it.
2024-07-02 07:43:38,338 DEBUG [main] cache:45 - TemplateLoader.findTemplateSource("spark/partials/log_en_IN.ftl"): Not found
2024-07-02 07:43:38,338 DEBUG [main] cache:45 - TemplateLoader.findTemplateSource("spark/partials/log_en.ftl"): Not found
2024-07-02 07:43:38,339 DEBUG [main] cache:45 - TemplateLoader.findTemplateSource("spark/partials/log.ftl"): Found
2024-07-02 07:43:38,339 DEBUG [main] cache:45 - Loading template for "spark/partials/log.ftl"("en_IN", UTF-8, parsed) from "jar:file:/C:/Users/pooja%20manna/.m2/repository/com/aventstack/extentreports/5.1.1/extentreports-5.1.1.jar!/com/aventstack/extentreports/templates/spark/partials/log.ftl"
2024-07-02 07:43:38,341 DEBUG [main] cache:45 - Couldn't find template in cache for "spark/partials/dashboard.ftl"("en_IN", UTF-8, parsed); will try to load it.
2024-07-02 07:43:38,342 DEBUG [main] cache:45 - TemplateLoader.findTemplateSource("spark/partials/dashboard_en_IN.ftl"): Not found
2024-07-02 07:43:38,342 DEBUG [main] cache:45 - TemplateLoader.findTemplateSource("spark/partials/dashboard_en.ftl"): Not found
2024-07-02 07:43:38,343 DEBUG [main] cache:45 - TemplateLoader.findTemplateSource("spark/partials/dashboard.ftl"): Found
2024-07-02 07:43:38,343 DEBUG [main] cache:45 - Loading template for "spark/partials/dashboard.ftl"("en_IN", UTF-8, parsed) from "jar:file:/C:/Users/pooja%20manna/.m2/repository/com/aventstack/extentreports/5.1.1/extentreports-5.1.1.jar!/com/aventstack/extentreports/templates/spark/partials/dashboard.ftl"
2024-07-02 07:43:38,389 DEBUG [main] cache:45 - Couldn't find template in cache for "spark/partials/scripts.ftl"("en_IN", UTF-8, parsed); will try to load it.
2024-07-02 07:43:38,391 DEBUG [main] cache:45 - TemplateLoader.findTemplateSource("spark/partials/scripts_en_IN.ftl"): Not found
2024-07-02 07:43:38,392 DEBUG [main] cache:45 - TemplateLoader.findTemplateSource("spark/partials/scripts_en.ftl"): Not found
2024-07-02 07:43:38,393 DEBUG [main] cache:45 - TemplateLoader.findTemplateSource("spark/partials/scripts.ftl"): Found
2024-07-02 07:43:38,393 DEBUG [main] cache:45 - Loading template for "spark/partials/scripts.ftl"("en_IN", UTF-8, parsed) from "jar:file:/C:/Users/pooja%20manna/.m2/repository/com/aventstack/extentreports/5.1.1/extentreports-5.1.1.jar!/com/aventstack/extentreports/templates/spark/partials/scripts.ftl"
2024-07-02 07:43:38,396 DEBUG [main] cache:45 - Couldn't find template in cache for "commons/commons-inject-js.ftl"("en_IN", UTF-8, parsed); will try to load it.
2024-07-02 07:43:38,397 DEBUG [main] cache:45 - TemplateLoader.findTemplateSource("commons/commons-inject-js_en_IN.ftl"): Not found
2024-07-02 07:43:38,399 DEBUG [main] cache:45 - TemplateLoader.findTemplateSource("commons/commons-inject-js_en.ftl"): Not found
2024-07-02 07:43:38,401 DEBUG [main] cache:45 - TemplateLoader.findTemplateSource("commons/commons-inject-js.ftl"): Found
2024-07-02 07:43:38,401 DEBUG [main] cache:45 - Loading template for "commons/commons-inject-js.ftl"("en_IN", UTF-8, parsed) from "jar:file:/C:/Users/pooja%20manna/.m2/repository/com/aventstack/extentreports/5.1.1/extentreports-5.1.1.jar!/com/aventstack/extentreports/templates/commons/commons-inject-js.ftl"
2024-07-02 07:46:14,753 DEBUG [main] cache:45 - Couldn't find template in cache for "spark/spark.spa.ftl"("en_IN", UTF-8, parsed); will try to load it.
2024-07-02 07:46:14,758 DEBUG [main] cache:45 - TemplateLoader.findTemplateSource("spark/spark.spa_en_IN.ftl"): Not found
2024-07-02 07:46:14,761 DEBUG [main] cache:45 - TemplateLoader.findTemplateSource("spark/spark.spa_en.ftl"): Not found
2024-07-02 07:46:14,763 DEBUG [main] cache:45 - TemplateLoader.findTemplateSource("spark/spark.spa.ftl"): Found
2024-07-02 07:46:14,764 DEBUG [main] cache:45 - Loading template for "spark/spark.spa.ftl"("en_IN", UTF-8, parsed) from "jar:file:/C:/Users/pooja%20manna/.m2/repository/com/aventstack/extentreports/5.1.1/extentreports-5.1.1.jar!/com/aventstack/extentreports/templates/spark/spark.spa.ftl"
2024-07-02 07:46:14,845 DEBUG [main] cache:45 - Couldn't find template in cache for "commons/commons-variables.ftl"("en_IN", UTF-8, parsed); will try to load it.
2024-07-02 07:46:14,846 DEBUG [main] cache:45 - TemplateLoader.findTemplateSource("commons/commons-variables_en_IN.ftl"): Not found
2024-07-02 07:46:14,847 DEBUG [main] cache:45 - TemplateLoader.findTemplateSource("commons/commons-variables_en.ftl"): Not found
2024-07-02 07:46:14,848 DEBUG [main] cache:45 - TemplateLoader.findTemplateSource("commons/commons-variables.ftl"): Found
2024-07-02 07:46:14,849 DEBUG [main] cache:45 - Loading template for "commons/commons-variables.ftl"("en_IN", UTF-8, parsed) from "jar:file:/C:/Users/pooja%20manna/.m2/repository/com/aventstack/extentreports/5.1.1/extentreports-5.1.1.jar!/com/aventstack/extentreports/templates/commons/commons-variables.ftl"
2024-07-02 07:46:14,997 DEBUG [main] cache:45 - Couldn't find template in cache for "commons/commons-macros.ftl"("en_IN", UTF-8, parsed); will try to load it.
2024-07-02 07:46:14,998 DEBUG [main] cache:45 - TemplateLoader.findTemplateSource("commons/commons-macros_en_IN.ftl"): Not found
2024-07-02 07:46:14,999 DEBUG [main] cache:45 - TemplateLoader.findTemplateSource("commons/commons-macros_en.ftl"): Not found
2024-07-02 07:46:15,000 DEBUG [main] cache:45 - TemplateLoader.findTemplateSource("commons/commons-macros.ftl"): Found
2024-07-02 07:46:15,000 DEBUG [main] cache:45 - Loading template for "commons/commons-macros.ftl"("en_IN", UTF-8, parsed) from "jar:file:/C:/Users/pooja%20manna/.m2/repository/com/aventstack/extentreports/5.1.1/extentreports-5.1.1.jar!/com/aventstack/extentreports/templates/commons/commons-macros.ftl"
2024-07-02 07:46:15,010 DEBUG [main] cache:45 - Couldn't find template in cache for "spark/macros/attributes.ftl"("en_IN", UTF-8, parsed); will try to load it.
2024-07-02 07:46:15,014 DEBUG [main] cache:45 - TemplateLoader.findTemplateSource("spark/macros/attributes_en_IN.ftl"): Not found
2024-07-02 07:46:15,016 DEBUG [main] cache:45 - TemplateLoader.findTemplateSource("spark/macros/attributes_en.ftl"): Not found
2024-07-02 07:46:15,018 DEBUG [main] cache:45 - TemplateLoader.findTemplateSource("spark/macros/attributes.ftl"): Found
2024-07-02 07:46:15,019 DEBUG [main] cache:45 - Loading template for "spark/macros/attributes.ftl"("en_IN", UTF-8, parsed) from "jar:file:/C:/Users/pooja%20manna/.m2/repository/com/aventstack/extentreports/5.1.1/extentreports-5.1.1.jar!/com/aventstack/extentreports/templates/spark/macros/attributes.ftl"
2024-07-02 07:46:15,023 DEBUG [main] cache:45 - Couldn't find template in cache for "spark/macros/log.ftl"("en_IN", UTF-8, parsed); will try to load it.
2024-07-02 07:46:15,024 DEBUG [main] cache:45 - TemplateLoader.findTemplateSource("spark/macros/log_en_IN.ftl"): Not found
2024-07-02 07:46:15,025 DEBUG [main] cache:45 - TemplateLoader.findTemplateSource("spark/macros/log_en.ftl"): Not found
2024-07-02 07:46:15,026 DEBUG [main] cache:45 - TemplateLoader.findTemplateSource("spark/macros/log.ftl"): Found
2024-07-02 07:46:15,027 DEBUG [main] cache:45 - Loading template for "spark/macros/log.ftl"("en_IN", UTF-8, parsed) from "jar:file:/C:/Users/pooja%20manna/.m2/repository/com/aventstack/extentreports/5.1.1/extentreports-5.1.1.jar!/com/aventstack/extentreports/templates/spark/macros/log.ftl"
2024-07-02 07:46:15,029 DEBUG [main] cache:45 - Couldn't find template in cache for "spark/macros/recurse_nodes.ftl"("en_IN", UTF-8, parsed); will try to load it.
2024-07-02 07:46:15,031 DEBUG [main] cache:45 - TemplateLoader.findTemplateSource("spark/macros/recurse_nodes_en_IN.ftl"): Not found
2024-07-02 07:46:15,033 DEBUG [main] cache:45 - TemplateLoader.findTemplateSource("spark/macros/recurse_nodes_en.ftl"): Not found
2024-07-02 07:46:15,034 DEBUG [main] cache:45 - TemplateLoader.findTemplateSource("spark/macros/recurse_nodes.ftl"): Found
2024-07-02 07:46:15,035 DEBUG [main] cache:45 - Loading template for "spark/macros/recurse_nodes.ftl"("en_IN", UTF-8, parsed) from "jar:file:/C:/Users/pooja%20manna/.m2/repository/com/aventstack/extentreports/5.1.1/extentreports-5.1.1.jar!/com/aventstack/extentreports/templates/spark/macros/recurse_nodes.ftl"
2024-07-02 07:46:15,040 DEBUG [main] cache:45 - "spark/macros/log.ftl"("en_IN", UTF-8, parsed) cached copy not yet stale; using cached.
2024-07-02 07:46:15,040 DEBUG [main] cache:45 - Couldn't find template in cache for "spark/macros/attr-common.ftl"("en_IN", UTF-8, parsed); will try to load it.
2024-07-02 07:46:15,041 DEBUG [main] cache:45 - TemplateLoader.findTemplateSource("spark/macros/attr-common_en_IN.ftl"): Not found
2024-07-02 07:46:15,042 DEBUG [main] cache:45 - TemplateLoader.findTemplateSource("spark/macros/attr-common_en.ftl"): Not found
2024-07-02 07:46:15,043 DEBUG [main] cache:45 - TemplateLoader.findTemplateSource("spark/macros/attr-common.ftl"): Found
2024-07-02 07:46:15,043 DEBUG [main] cache:45 - Loading template for "spark/macros/attr-common.ftl"("en_IN", UTF-8, parsed) from "jar:file:/C:/Users/pooja%20manna/.m2/repository/com/aventstack/extentreports/5.1.1/extentreports-5.1.1.jar!/com/aventstack/extentreports/templates/spark/macros/attr-common.ftl"
2024-07-02 07:46:15,056 DEBUG [main] cache:45 - Couldn't find template in cache for "spark/partials/head.ftl"("en_IN", UTF-8, parsed); will try to load it.
2024-07-02 07:46:15,058 DEBUG [main] cache:45 - TemplateLoader.findTemplateSource("spark/partials/head_en_IN.ftl"): Not found
2024-07-02 07:46:15,059 DEBUG [main] cache:45 - TemplateLoader.findTemplateSource("spark/partials/head_en.ftl"): Not found
2024-07-02 07:46:15,061 DEBUG [main] cache:45 - TemplateLoader.findTemplateSource("spark/partials/head.ftl"): Found
2024-07-02 07:46:15,061 DEBUG [main] cache:45 - Loading template for "spark/partials/head.ftl"("en_IN", UTF-8, parsed) from "jar:file:/C:/Users/pooja%20manna/.m2/repository/com/aventstack/extentreports/5.1.1/extentreports-5.1.1.jar!/com/aventstack/extentreports/templates/spark/partials/head.ftl"
2024-07-02 07:46:15,069 DEBUG [main] cache:45 - Couldn't find template in cache for "commons/commons-inject-css.ftl"("en_IN", UTF-8, parsed); will try to load it.
2024-07-02 07:46:15,070 DEBUG [main] cache:45 - TemplateLoader.findTemplateSource("commons/commons-inject-css_en_IN.ftl"): Not found
2024-07-02 07:46:15,071 DEBUG [main] cache:45 - TemplateLoader.findTemplateSource("commons/commons-inject-css_en.ftl"): Not found
2024-07-02 07:46:15,072 DEBUG [main] cache:45 - TemplateLoader.findTemplateSource("commons/commons-inject-css.ftl"): Found
2024-07-02 07:46:15,072 DEBUG [main] cache:45 - Loading template for "commons/commons-inject-css.ftl"("en_IN", UTF-8, parsed) from "jar:file:/C:/Users/pooja%20manna/.m2/repository/com/aventstack/extentreports/5.1.1/extentreports-5.1.1.jar!/com/aventstack/extentreports/templates/commons/commons-inject-css.ftl"
2024-07-02 07:46:15,073 DEBUG [main] cache:45 - Couldn't find template in cache for "spark/partials/navbar.ftl"("en_IN", UTF-8, parsed); will try to load it.
2024-07-02 07:46:15,074 DEBUG [main] cache:45 - TemplateLoader.findTemplateSource("spark/partials/navbar_en_IN.ftl"): Not found
2024-07-02 07:46:15,075 DEBUG [main] cache:45 - TemplateLoader.findTemplateSource("spark/partials/navbar_en.ftl"): Not found
2024-07-02 07:46:15,076 DEBUG [main] cache:45 - TemplateLoader.findTemplateSource("spark/partials/navbar.ftl"): Found
2024-07-02 07:46:15,077 DEBUG [main] cache:45 - Loading template for "spark/partials/navbar.ftl"("en_IN", UTF-8, parsed) from "jar:file:/C:/Users/pooja%20manna/.m2/repository/com/aventstack/extentreports/5.1.1/extentreports-5.1.1.jar!/com/aventstack/extentreports/templates/spark/partials/navbar.ftl"
2024-07-02 07:46:15,089 DEBUG [main] cache:45 - Couldn't find template in cache for "spark/partials/sidenav.ftl"("en_IN", UTF-8, parsed); will try to load it.
2024-07-02 07:46:15,090 DEBUG [main] cache:45 - TemplateLoader.findTemplateSource("spark/partials/sidenav_en_IN.ftl"): Not found
2024-07-02 07:46:15,092 DEBUG [main] cache:45 - TemplateLoader.findTemplateSource("spark/partials/sidenav_en.ftl"): Not found
2024-07-02 07:46:15,093 DEBUG [main] cache:45 - TemplateLoader.findTemplateSource("spark/partials/sidenav.ftl"): Found
2024-07-02 07:46:15,093 DEBUG [main] cache:45 - Loading template for "spark/partials/sidenav.ftl"("en_IN", UTF-8, parsed) from "jar:file:/C:/Users/pooja%20manna/.m2/repository/com/aventstack/extentreports/5.1.1/extentreports-5.1.1.jar!/com/aventstack/extentreports/templates/spark/partials/sidenav.ftl"
2024-07-02 07:46:15,114 DEBUG [main] cache:45 - Couldn't find template in cache for "spark/partials/test.ftl"("en_IN", UTF-8, parsed); will try to load it.
2024-07-02 07:46:15,117 DEBUG [main] cache:45 - TemplateLoader.findTemplateSource("spark/partials/test_en_IN.ftl"): Not found
2024-07-02 07:46:15,119 DEBUG [main] cache:45 - TemplateLoader.findTemplateSource("spark/partials/test_en.ftl"): Not found
2024-07-02 07:46:15,120 DEBUG [main] cache:45 - TemplateLoader.findTemplateSource("spark/partials/test.ftl"): Found
2024-07-02 07:46:15,120 DEBUG [main] cache:45 - Loading template for "spark/partials/test.ftl"("en_IN", UTF-8, parsed) from "jar:file:/C:/Users/pooja%20manna/.m2/repository/com/aventstack/extentreports/5.1.1/extentreports-5.1.1.jar!/com/aventstack/extentreports/templates/spark/partials/test.ftl"
2024-07-02 07:46:15,140 DEBUG [main] cache:45 - Couldn't find template in cache for "spark/partials/standard-content.ftl"("en_IN", UTF-8, parsed); will try to load it.
2024-07-02 07:46:15,141 DEBUG [main] cache:45 - TemplateLoader.findTemplateSource("spark/partials/standard-content_en_IN.ftl"): Not found
2024-07-02 07:46:15,142 DEBUG [main] cache:45 - TemplateLoader.findTemplateSource("spark/partials/standard-content_en.ftl"): Not found
2024-07-02 07:46:15,143 DEBUG [main] cache:45 - TemplateLoader.findTemplateSource("spark/partials/standard-content.ftl"): Found
2024-07-02 07:46:15,144 DEBUG [main] cache:45 - Loading template for "spark/partials/standard-content.ftl"("en_IN", UTF-8, parsed) from "jar:file:/C:/Users/pooja%20manna/.m2/repository/com/aventstack/extentreports/5.1.1/extentreports-5.1.1.jar!/com/aventstack/extentreports/templates/spark/partials/standard-content.ftl"
2024-07-02 07:46:15,152 DEBUG [main] cache:45 - Couldn't find template in cache for "spark/partials/exception.ftl"("en_IN", UTF-8, parsed); will try to load it.
2024-07-02 07:46:15,153 DEBUG [main] cache:45 - TemplateLoader.findTemplateSource("spark/partials/exception_en_IN.ftl"): Not found
2024-07-02 07:46:15,154 DEBUG [main] cache:45 - TemplateLoader.findTemplateSource("spark/partials/exception_en.ftl"): Not found
2024-07-02 07:46:15,155 DEBUG [main] cache:45 - TemplateLoader.findTemplateSource("spark/partials/exception.ftl"): Found
2024-07-02 07:46:15,155 DEBUG [main] cache:45 - Loading template for "spark/partials/exception.ftl"("en_IN", UTF-8, parsed) from "jar:file:/C:/Users/pooja%20manna/.m2/repository/com/aventstack/extentreports/5.1.1/extentreports-5.1.1.jar!/com/aventstack/extentreports/templates/spark/partials/exception.ftl"
2024-07-02 07:46:15,157 DEBUG [main] cache:45 - Couldn't find template in cache for "spark/partials/category.ftl"("en_IN", UTF-8, parsed); will try to load it.
2024-07-02 07:46:15,158 DEBUG [main] cache:45 - TemplateLoader.findTemplateSource("spark/partials/category_en_IN.ftl"): Not found
2024-07-02 07:46:15,158 DEBUG [main] cache:45 - TemplateLoader.findTemplateSource("spark/partials/category_en.ftl"): Not found
2024-07-02 07:46:15,159 DEBUG [main] cache:45 - TemplateLoader.findTemplateSource("spark/partials/category.ftl"): Found
2024-07-02 07:46:15,159 DEBUG [main] cache:45 - Loading template for "spark/partials/category.ftl"("en_IN", UTF-8, parsed) from "jar:file:/C:/Users/pooja%20manna/.m2/repository/com/aventstack/extentreports/5.1.1/extentreports-5.1.1.jar!/com/aventstack/extentreports/templates/spark/partials/category.ftl"
2024-07-02 07:46:15,161 DEBUG [main] cache:45 - Couldn't find template in cache for "spark/partials/device.ftl"("en_IN", UTF-8, parsed); will try to load it.
2024-07-02 07:46:15,163 DEBUG [main] cache:45 - TemplateLoader.findTemplateSource("spark/partials/device_en_IN.ftl"): Not found
2024-07-02 07:46:15,163 DEBUG [main] cache:45 - TemplateLoader.findTemplateSource("spark/partials/device_en.ftl"): Not found
2024-07-02 07:46:15,165 DEBUG [main] cache:45 - TemplateLoader.findTemplateSource("spark/partials/device.ftl"): Found
2024-07-02 07:46:15,165 DEBUG [main] cache:45 - Loading template for "spark/partials/device.ftl"("en_IN", UTF-8, parsed) from "jar:file:/C:/Users/pooja%20manna/.m2/repository/com/aventstack/extentreports/5.1.1/extentreports-5.1.1.jar!/com/aventstack/extentreports/templates/spark/partials/device.ftl"
2024-07-02 07:46:15,168 DEBUG [main] cache:45 - Couldn't find template in cache for "spark/partials/author.ftl"("en_IN", UTF-8, parsed); will try to load it.
2024-07-02 07:46:15,169 DEBUG [main] cache:45 - TemplateLoader.findTemplateSource("spark/partials/author_en_IN.ftl"): Not found
2024-07-02 07:46:15,170 DEBUG [main] cache:45 - TemplateLoader.findTemplateSource("spark/partials/author_en.ftl"): Not found
2024-07-02 07:46:15,170 DEBUG [main] cache:45 - TemplateLoader.findTemplateSource("spark/partials/author.ftl"): Found
2024-07-02 07:46:15,171 DEBUG [main] cache:45 - Loading template for "spark/partials/author.ftl"("en_IN", UTF-8, parsed) from "jar:file:/C:/Users/pooja%20manna/.m2/repository/com/aventstack/extentreports/5.1.1/extentreports-5.1.1.jar!/com/aventstack/extentreports/templates/spark/partials/author.ftl"
2024-07-02 07:46:15,173 DEBUG [main] cache:45 - Couldn't find template in cache for "spark/partials/log.ftl"("en_IN", UTF-8, parsed); will try to load it.
2024-07-02 07:46:15,174 DEBUG [main] cache:45 - TemplateLoader.findTemplateSource("spark/partials/log_en_IN.ftl"): Not found
2024-07-02 07:46:15,176 DEBUG [main] cache:45 - TemplateLoader.findTemplateSource("spark/partials/log_en.ftl"): Not found
2024-07-02 07:46:15,177 DEBUG [main] cache:45 - TemplateLoader.findTemplateSource("spark/partials/log.ftl"): Found
2024-07-02 07:46:15,177 DEBUG [main] cache:45 - Loading template for "spark/partials/log.ftl"("en_IN", UTF-8, parsed) from "jar:file:/C:/Users/pooja%20manna/.m2/repository/com/aventstack/extentreports/5.1.1/extentreports-5.1.1.jar!/com/aventstack/extentreports/templates/spark/partials/log.ftl"
2024-07-02 07:46:15,180 DEBUG [main] cache:45 - Couldn't find template in cache for "spark/partials/dashboard.ftl"("en_IN", UTF-8, parsed); will try to load it.
2024-07-02 07:46:15,181 DEBUG [main] cache:45 - TemplateLoader.findTemplateSource("spark/partials/dashboard_en_IN.ftl"): Not found
2024-07-02 07:46:15,183 DEBUG [main] cache:45 - TemplateLoader.findTemplateSource("spark/partials/dashboard_en.ftl"): Not found
2024-07-02 07:46:15,185 DEBUG [main] cache:45 - TemplateLoader.findTemplateSource("spark/partials/dashboard.ftl"): Found
2024-07-02 07:46:15,186 DEBUG [main] cache:45 - Loading template for "spark/partials/dashboard.ftl"("en_IN", UTF-8, parsed) from "jar:file:/C:/Users/pooja%20manna/.m2/repository/com/aventstack/extentreports/5.1.1/extentreports-5.1.1.jar!/com/aventstack/extentreports/templates/spark/partials/dashboard.ftl"
2024-07-02 07:46:15,229 DEBUG [main] cache:45 - Couldn't find template in cache for "spark/partials/scripts.ftl"("en_IN", UTF-8, parsed); will try to load it.
2024-07-02 07:46:15,231 DEBUG [main] cache:45 - TemplateLoader.findTemplateSource("spark/partials/scripts_en_IN.ftl"): Not found
2024-07-02 07:46:15,233 DEBUG [main] cache:45 - TemplateLoader.findTemplateSource("spark/partials/scripts_en.ftl"): Not found
2024-07-02 07:46:15,236 DEBUG [main] cache:45 - TemplateLoader.findTemplateSource("spark/partials/scripts.ftl"): Found
2024-07-02 07:46:15,236 DEBUG [main] cache:45 - Loading template for "spark/partials/scripts.ftl"("en_IN", UTF-8, parsed) from "jar:file:/C:/Users/pooja%20manna/.m2/repository/com/aventstack/extentreports/5.1.1/extentreports-5.1.1.jar!/com/aventstack/extentreports/templates/spark/partials/scripts.ftl"
2024-07-02 07:46:15,239 DEBUG [main] cache:45 - Couldn't find template in cache for "commons/commons-inject-js.ftl"("en_IN", UTF-8, parsed); will try to load it.
2024-07-02 07:46:15,240 DEBUG [main] cache:45 - TemplateLoader.findTemplateSource("commons/commons-inject-js_en_IN.ftl"): Not found
2024-07-02 07:46:15,241 DEBUG [main] cache:45 - TemplateLoader.findTemplateSource("commons/commons-inject-js_en.ftl"): Not found
2024-07-02 07:46:15,242 DEBUG [main] cache:45 - TemplateLoader.findTemplateSource("commons/commons-inject-js.ftl"): Found
2024-07-02 07:46:15,243 DEBUG [main] cache:45 - Loading template for "commons/commons-inject-js.ftl"("en_IN", UTF-8, parsed) from "jar:file:/C:/Users/pooja%20manna/.m2/repository/com/aventstack/extentreports/5.1.1/extentreports-5.1.1.jar!/com/aventstack/extentreports/templates/commons/commons-inject-js.ftl"
2024-07-02 07:52:09,931  WARN [main] ebanking:32 - login passed
2024-07-02 07:52:54,940 DEBUG [main] cache:45 - Couldn't find template in cache for "spark/spark.spa.ftl"("en_IN", UTF-8, parsed); will try to load it.
2024-07-02 07:52:54,940 DEBUG [main] cache:45 - TemplateLoader.findTemplateSource("spark/spark.spa_en_IN.ftl"): Not found
2024-07-02 07:52:54,956 DEBUG [main] cache:45 - TemplateLoader.findTemplateSource("spark/spark.spa_en.ftl"): Not found
2024-07-02 07:52:54,956 DEBUG [main] cache:45 - TemplateLoader.findTemplateSource("spark/spark.spa.ftl"): Found
2024-07-02 07:52:54,956 DEBUG [main] cache:45 - Loading template for "spark/spark.spa.ftl"("en_IN", UTF-8, parsed) from "jar:file:/C:/Users/pooja%20manna/.m2/repository/com/aventstack/extentreports/5.1.1/extentreports-5.1.1.jar!/com/aventstack/extentreports/templates/spark/spark.spa.ftl"
2024-07-02 07:52:55,143 DEBUG [main] cache:45 - Couldn't find template in cache for "commons/commons-variables.ftl"("en_IN", UTF-8, parsed); will try to load it.
2024-07-02 07:52:55,143 DEBUG [main] cache:45 - TemplateLoader.findTemplateSource("commons/commons-variables_en_IN.ftl"): Not found
2024-07-02 07:52:55,143 DEBUG [main] cache:45 - TemplateLoader.findTemplateSource("commons/commons-variables_en.ftl"): Not found
2024-07-02 07:52:55,143 DEBUG [main] cache:45 - TemplateLoader.findTemplateSource("commons/commons-variables.ftl"): Found
2024-07-02 07:52:55,143 DEBUG [main] cache:45 - Loading template for "commons/commons-variables.ftl"("en_IN", UTF-8, parsed) from "jar:file:/C:/Users/pooja%20manna/.m2/repository/com/aventstack/extentreports/5.1.1/extentreports-5.1.1.jar!/com/aventstack/extentreports/templates/commons/commons-variables.ftl"
2024-07-02 07:52:55,426 DEBUG [main] cache:45 - Couldn't find template in cache for "commons/commons-macros.ftl"("en_IN", UTF-8, parsed); will try to load it.
2024-07-02 07:52:55,426 DEBUG [main] cache:45 - TemplateLoader.findTemplateSource("commons/commons-macros_en_IN.ftl"): Not found
2024-07-02 07:52:55,426 DEBUG [main] cache:45 - TemplateLoader.findTemplateSource("commons/commons-macros_en.ftl"): Not found
2024-07-02 07:52:55,426 DEBUG [main] cache:45 - TemplateLoader.findTemplateSource("commons/commons-macros.ftl"): Found
2024-07-02 07:52:55,426 DEBUG [main] cache:45 - Loading template for "commons/commons-macros.ftl"("en_IN", UTF-8, parsed) from "jar:file:/C:/Users/pooja%20manna/.m2/repository/com/aventstack/extentreports/5.1.1/extentreports-5.1.1.jar!/com/aventstack/extentreports/templates/commons/commons-macros.ftl"
2024-07-02 07:52:55,458 DEBUG [main] cache:45 - Couldn't find template in cache for "spark/macros/attributes.ftl"("en_IN", UTF-8, parsed); will try to load it.
2024-07-02 07:52:55,458 DEBUG [main] cache:45 - TemplateLoader.findTemplateSource("spark/macros/attributes_en_IN.ftl"): Not found
2024-07-02 07:52:55,458 DEBUG [main] cache:45 - TemplateLoader.findTemplateSource("spark/macros/attributes_en.ftl"): Not found
2024-07-02 07:52:55,464 DEBUG [main] cache:45 - TemplateLoader.findTemplateSource("spark/macros/attributes.ftl"): Found
2024-07-02 07:52:55,465 DEBUG [main] cache:45 - Loading template for "spark/macros/attributes.ftl"("en_IN", UTF-8, parsed) from "jar:file:/C:/Users/pooja%20manna/.m2/repository/com/aventstack/extentreports/5.1.1/extentreports-5.1.1.jar!/com/aventstack/extentreports/templates/spark/macros/attributes.ftl"
2024-07-02 07:52:55,465 DEBUG [main] cache:45 - Couldn't find template in cache for "spark/macros/log.ftl"("en_IN", UTF-8, parsed); will try to load it.
2024-07-02 07:52:55,473 DEBUG [main] cache:45 - TemplateLoader.findTemplateSource("spark/macros/log_en_IN.ftl"): Not found
2024-07-02 07:52:55,473 DEBUG [main] cache:45 - TemplateLoader.findTemplateSource("spark/macros/log_en.ftl"): Not found
2024-07-02 07:52:55,473 DEBUG [main] cache:45 - TemplateLoader.findTemplateSource("spark/macros/log.ftl"): Found
2024-07-02 07:52:55,473 DEBUG [main] cache:45 - Loading template for "spark/macros/log.ftl"("en_IN", UTF-8, parsed) from "jar:file:/C:/Users/pooja%20manna/.m2/repository/com/aventstack/extentreports/5.1.1/extentreports-5.1.1.jar!/com/aventstack/extentreports/templates/spark/macros/log.ftl"
2024-07-02 07:52:55,473 DEBUG [main] cache:45 - Couldn't find template in cache for "spark/macros/recurse_nodes.ftl"("en_IN", UTF-8, parsed); will try to load it.
2024-07-02 07:52:55,473 DEBUG [main] cache:45 - TemplateLoader.findTemplateSource("spark/macros/recurse_nodes_en_IN.ftl"): Not found
2024-07-02 07:52:55,473 DEBUG [main] cache:45 - TemplateLoader.findTemplateSource("spark/macros/recurse_nodes_en.ftl"): Not found
2024-07-02 07:52:55,473 DEBUG [main] cache:45 - TemplateLoader.findTemplateSource("spark/macros/recurse_nodes.ftl"): Found
2024-07-02 07:52:55,473 DEBUG [main] cache:45 - Loading template for "spark/macros/recurse_nodes.ftl"("en_IN", UTF-8, parsed) from "jar:file:/C:/Users/pooja%20manna/.m2/repository/com/aventstack/extentreports/5.1.1/extentreports-5.1.1.jar!/com/aventstack/extentreports/templates/spark/macros/recurse_nodes.ftl"
2024-07-02 07:52:55,489 DEBUG [main] cache:45 - "spark/macros/log.ftl"("en_IN", UTF-8, parsed) cached copy not yet stale; using cached.
2024-07-02 07:52:55,489 DEBUG [main] cache:45 - Couldn't find template in cache for "spark/macros/attr-common.ftl"("en_IN", UTF-8, parsed); will try to load it.
2024-07-02 07:52:55,489 DEBUG [main] cache:45 - TemplateLoader.findTemplateSource("spark/macros/attr-common_en_IN.ftl"): Not found
2024-07-02 07:52:55,505 DEBUG [main] cache:45 - TemplateLoader.findTemplateSource("spark/macros/attr-common_en.ftl"): Not found
2024-07-02 07:52:55,505 DEBUG [main] cache:45 - TemplateLoader.findTemplateSource("spark/macros/attr-common.ftl"): Found
2024-07-02 07:52:55,505 DEBUG [main] cache:45 - Loading template for "spark/macros/attr-common.ftl"("en_IN", UTF-8, parsed) from "jar:file:/C:/Users/pooja%20manna/.m2/repository/com/aventstack/extentreports/5.1.1/extentreports-5.1.1.jar!/com/aventstack/extentreports/templates/spark/macros/attr-common.ftl"
2024-07-02 07:52:55,521 DEBUG [main] cache:45 - Couldn't find template in cache for "spark/partials/head.ftl"("en_IN", UTF-8, parsed); will try to load it.
2024-07-02 07:52:55,521 DEBUG [main] cache:45 - TemplateLoader.findTemplateSource("spark/partials/head_en_IN.ftl"): Not found
2024-07-02 07:52:55,521 DEBUG [main] cache:45 - TemplateLoader.findTemplateSource("spark/partials/head_en.ftl"): Not found
2024-07-02 07:52:55,521 DEBUG [main] cache:45 - TemplateLoader.findTemplateSource("spark/partials/head.ftl"): Found
2024-07-02 07:52:55,521 DEBUG [main] cache:45 - Loading template for "spark/partials/head.ftl"("en_IN", UTF-8, parsed) from "jar:file:/C:/Users/pooja%20manna/.m2/repository/com/aventstack/extentreports/5.1.1/extentreports-5.1.1.jar!/com/aventstack/extentreports/templates/spark/partials/head.ftl"
2024-07-02 07:52:55,536 DEBUG [main] cache:45 - Couldn't find template in cache for "commons/commons-inject-css.ftl"("en_IN", UTF-8, parsed); will try to load it.
2024-07-02 07:52:55,536 DEBUG [main] cache:45 - TemplateLoader.findTemplateSource("commons/commons-inject-css_en_IN.ftl"): Not found
2024-07-02 07:52:55,536 DEBUG [main] cache:45 - TemplateLoader.findTemplateSource("commons/commons-inject-css_en.ftl"): Not found
2024-07-02 07:52:55,536 DEBUG [main] cache:45 - TemplateLoader.findTemplateSource("commons/commons-inject-css.ftl"): Found
2024-07-02 07:52:55,536 DEBUG [main] cache:45 - Loading template for "commons/commons-inject-css.ftl"("en_IN", UTF-8, parsed) from "jar:file:/C:/Users/pooja%20manna/.m2/repository/com/aventstack/extentreports/5.1.1/extentreports-5.1.1.jar!/com/aventstack/extentreports/templates/commons/commons-inject-css.ftl"
2024-07-02 07:52:55,536 DEBUG [main] cache:45 - Couldn't find template in cache for "spark/partials/navbar.ftl"("en_IN", UTF-8, parsed); will try to load it.
2024-07-02 07:52:55,552 DEBUG [main] cache:45 - TemplateLoader.findTemplateSource("spark/partials/navbar_en_IN.ftl"): Not found
2024-07-02 07:52:55,552 DEBUG [main] cache:45 - TemplateLoader.findTemplateSource("spark/partials/navbar_en.ftl"): Not found
2024-07-02 07:52:55,552 DEBUG [main] cache:45 - TemplateLoader.findTemplateSource("spark/partials/navbar.ftl"): Found
2024-07-02 07:52:55,552 DEBUG [main] cache:45 - Loading template for "spark/partials/navbar.ftl"("en_IN", UTF-8, parsed) from "jar:file:/C:/Users/pooja%20manna/.m2/repository/com/aventstack/extentreports/5.1.1/extentreports-5.1.1.jar!/com/aventstack/extentreports/templates/spark/partials/navbar.ftl"
2024-07-02 07:52:55,568 DEBUG [main] cache:45 - Couldn't find template in cache for "spark/partials/sidenav.ftl"("en_IN", UTF-8, parsed); will try to load it.
2024-07-02 07:52:55,568 DEBUG [main] cache:45 - TemplateLoader.findTemplateSource("spark/partials/sidenav_en_IN.ftl"): Not found
2024-07-02 07:52:55,581 DEBUG [main] cache:45 - TemplateLoader.findTemplateSource("spark/partials/sidenav_en.ftl"): Not found
2024-07-02 07:52:55,581 DEBUG [main] cache:45 - TemplateLoader.findTemplateSource("spark/partials/sidenav.ftl"): Found
2024-07-02 07:52:55,584 DEBUG [main] cache:45 - Loading template for "spark/partials/sidenav.ftl"("en_IN", UTF-8, parsed) from "jar:file:/C:/Users/pooja%20manna/.m2/repository/com/aventstack/extentreports/5.1.1/extentreports-5.1.1.jar!/com/aventstack/extentreports/templates/spark/partials/sidenav.ftl"
2024-07-02 07:52:55,615 DEBUG [main] cache:45 - Couldn't find template in cache for "spark/partials/test.ftl"("en_IN", UTF-8, parsed); will try to load it.
2024-07-02 07:52:55,615 DEBUG [main] cache:45 - TemplateLoader.findTemplateSource("spark/partials/test_en_IN.ftl"): Not found
2024-07-02 07:52:55,615 DEBUG [main] cache:45 - TemplateLoader.findTemplateSource("spark/partials/test_en.ftl"): Not found
2024-07-02 07:52:55,615 DEBUG [main] cache:45 - TemplateLoader.findTemplateSource("spark/partials/test.ftl"): Found
2024-07-02 07:52:55,615 DEBUG [main] cache:45 - Loading template for "spark/partials/test.ftl"("en_IN", UTF-8, parsed) from "jar:file:/C:/Users/pooja%20manna/.m2/repository/com/aventstack/extentreports/5.1.1/extentreports-5.1.1.jar!/com/aventstack/extentreports/templates/spark/partials/test.ftl"
2024-07-02 07:52:55,648 DEBUG [main] cache:45 - Couldn't find template in cache for "spark/partials/standard-content.ftl"("en_IN", UTF-8, parsed); will try to load it.
2024-07-02 07:52:55,663 DEBUG [main] cache:45 - TemplateLoader.findTemplateSource("spark/partials/standard-content_en_IN.ftl"): Not found
2024-07-02 07:52:55,663 DEBUG [main] cache:45 - TemplateLoader.findTemplateSource("spark/partials/standard-content_en.ftl"): Not found
2024-07-02 07:52:55,663 DEBUG [main] cache:45 - TemplateLoader.findTemplateSource("spark/partials/standard-content.ftl"): Found
2024-07-02 07:52:55,663 DEBUG [main] cache:45 - Loading template for "spark/partials/standard-content.ftl"("en_IN", UTF-8, parsed) from "jar:file:/C:/Users/pooja%20manna/.m2/repository/com/aventstack/extentreports/5.1.1/extentreports-5.1.1.jar!/com/aventstack/extentreports/templates/spark/partials/standard-content.ftl"
2024-07-02 07:52:55,678 DEBUG [main] cache:45 - "spark/partials/standard-content.ftl"("en_IN", UTF-8, parsed) cached copy not yet stale; using cached.
2024-07-02 07:52:55,678 DEBUG [main] cache:45 - "spark/partials/standard-content.ftl"("en_IN", UTF-8, parsed) cached copy not yet stale; using cached.
2024-07-02 07:52:55,678 DEBUG [main] cache:45 - "spark/partials/standard-content.ftl"("en_IN", UTF-8, parsed) cached copy not yet stale; using cached.
2024-07-02 07:52:55,694 DEBUG [main] cache:45 - "spark/partials/standard-content.ftl"("en_IN", UTF-8, parsed) cached copy not yet stale; using cached.
2024-07-02 07:52:55,694 DEBUG [main] cache:45 - Couldn't find template in cache for "spark/partials/exception.ftl"("en_IN", UTF-8, parsed); will try to load it.
2024-07-02 07:52:55,694 DEBUG [main] cache:45 - TemplateLoader.findTemplateSource("spark/partials/exception_en_IN.ftl"): Not found
2024-07-02 07:52:55,694 DEBUG [main] cache:45 - TemplateLoader.findTemplateSource("spark/partials/exception_en.ftl"): Not found
2024-07-02 07:52:55,694 DEBUG [main] cache:45 - TemplateLoader.findTemplateSource("spark/partials/exception.ftl"): Found
2024-07-02 07:52:55,694 DEBUG [main] cache:45 - Loading template for "spark/partials/exception.ftl"("en_IN", UTF-8, parsed) from "jar:file:/C:/Users/pooja%20manna/.m2/repository/com/aventstack/extentreports/5.1.1/extentreports-5.1.1.jar!/com/aventstack/extentreports/templates/spark/partials/exception.ftl"
2024-07-02 07:52:55,694 DEBUG [main] cache:45 - Couldn't find template in cache for "spark/partials/category.ftl"("en_IN", UTF-8, parsed); will try to load it.
2024-07-02 07:52:55,694 DEBUG [main] cache:45 - TemplateLoader.findTemplateSource("spark/partials/category_en_IN.ftl"): Not found
2024-07-02 07:52:55,694 DEBUG [main] cache:45 - TemplateLoader.findTemplateSource("spark/partials/category_en.ftl"): Not found
2024-07-02 07:52:55,710 DEBUG [main] cache:45 - TemplateLoader.findTemplateSource("spark/partials/category.ftl"): Found
2024-07-02 07:52:55,710 DEBUG [main] cache:45 - Loading template for "spark/partials/category.ftl"("en_IN", UTF-8, parsed) from "jar:file:/C:/Users/pooja%20manna/.m2/repository/com/aventstack/extentreports/5.1.1/extentreports-5.1.1.jar!/com/aventstack/extentreports/templates/spark/partials/category.ftl"
2024-07-02 07:52:55,710 DEBUG [main] cache:45 - Couldn't find template in cache for "spark/partials/device.ftl"("en_IN", UTF-8, parsed); will try to load it.
2024-07-02 07:52:55,710 DEBUG [main] cache:45 - TemplateLoader.findTemplateSource("spark/partials/device_en_IN.ftl"): Not found
2024-07-02 07:52:55,710 DEBUG [main] cache:45 - TemplateLoader.findTemplateSource("spark/partials/device_en.ftl"): Not found
2024-07-02 07:52:55,710 DEBUG [main] cache:45 - TemplateLoader.findTemplateSource("spark/partials/device.ftl"): Found
2024-07-02 07:52:55,710 DEBUG [main] cache:45 - Loading template for "spark/partials/device.ftl"("en_IN", UTF-8, parsed) from "jar:file:/C:/Users/pooja%20manna/.m2/repository/com/aventstack/extentreports/5.1.1/extentreports-5.1.1.jar!/com/aventstack/extentreports/templates/spark/partials/device.ftl"
2024-07-02 07:52:55,710 DEBUG [main] cache:45 - Couldn't find template in cache for "spark/partials/author.ftl"("en_IN", UTF-8, parsed); will try to load it.
2024-07-02 07:52:55,710 DEBUG [main] cache:45 - TemplateLoader.findTemplateSource("spark/partials/author_en_IN.ftl"): Not found
2024-07-02 07:52:55,710 DEBUG [main] cache:45 - TemplateLoader.findTemplateSource("spark/partials/author_en.ftl"): Not found
2024-07-02 07:52:55,710 DEBUG [main] cache:45 - TemplateLoader.findTemplateSource("spark/partials/author.ftl"): Found
2024-07-02 07:52:55,725 DEBUG [main] cache:45 - Loading template for "spark/partials/author.ftl"("en_IN", UTF-8, parsed) from "jar:file:/C:/Users/pooja%20manna/.m2/repository/com/aventstack/extentreports/5.1.1/extentreports-5.1.1.jar!/com/aventstack/extentreports/templates/spark/partials/author.ftl"
2024-07-02 07:52:55,725 DEBUG [main] cache:45 - Couldn't find template in cache for "spark/partials/log.ftl"("en_IN", UTF-8, parsed); will try to load it.
2024-07-02 07:52:55,725 DEBUG [main] cache:45 - TemplateLoader.findTemplateSource("spark/partials/log_en_IN.ftl"): Not found
2024-07-02 07:52:55,725 DEBUG [main] cache:45 - TemplateLoader.findTemplateSource("spark/partials/log_en.ftl"): Not found
2024-07-02 07:52:55,725 DEBUG [main] cache:45 - TemplateLoader.findTemplateSource("spark/partials/log.ftl"): Found
2024-07-02 07:52:55,725 DEBUG [main] cache:45 - Loading template for "spark/partials/log.ftl"("en_IN", UTF-8, parsed) from "jar:file:/C:/Users/pooja%20manna/.m2/repository/com/aventstack/extentreports/5.1.1/extentreports-5.1.1.jar!/com/aventstack/extentreports/templates/spark/partials/log.ftl"
2024-07-02 07:52:55,725 DEBUG [main] cache:45 - Couldn't find template in cache for "spark/partials/dashboard.ftl"("en_IN", UTF-8, parsed); will try to load it.
2024-07-02 07:52:55,725 DEBUG [main] cache:45 - TemplateLoader.findTemplateSource("spark/partials/dashboard_en_IN.ftl"): Not found
2024-07-02 07:52:55,725 DEBUG [main] cache:45 - TemplateLoader.findTemplateSource("spark/partials/dashboard_en.ftl"): Not found
2024-07-02 07:52:55,725 DEBUG [main] cache:45 - TemplateLoader.findTemplateSource("spark/partials/dashboard.ftl"): Found
2024-07-02 07:52:55,725 DEBUG [main] cache:45 - Loading template for "spark/partials/dashboard.ftl"("en_IN", UTF-8, parsed) from "jar:file:/C:/Users/pooja%20manna/.m2/repository/com/aventstack/extentreports/5.1.1/extentreports-5.1.1.jar!/com/aventstack/extentreports/templates/spark/partials/dashboard.ftl"
2024-07-02 07:52:55,820 DEBUG [main] cache:45 - Couldn't find template in cache for "spark/partials/scripts.ftl"("en_IN", UTF-8, parsed); will try to load it.
2024-07-02 07:52:55,820 DEBUG [main] cache:45 - TemplateLoader.findTemplateSource("spark/partials/scripts_en_IN.ftl"): Not found
2024-07-02 07:52:55,820 DEBUG [main] cache:45 - TemplateLoader.findTemplateSource("spark/partials/scripts_en.ftl"): Not found
2024-07-02 07:52:55,820 DEBUG [main] cache:45 - TemplateLoader.findTemplateSource("spark/partials/scripts.ftl"): Found
2024-07-02 07:52:55,836 DEBUG [main] cache:45 - Loading template for "spark/partials/scripts.ftl"("en_IN", UTF-8, parsed) from "jar:file:/C:/Users/pooja%20manna/.m2/repository/com/aventstack/extentreports/5.1.1/extentreports-5.1.1.jar!/com/aventstack/extentreports/templates/spark/partials/scripts.ftl"
2024-07-02 07:52:55,836 DEBUG [main] cache:45 - Couldn't find template in cache for "commons/commons-inject-js.ftl"("en_IN", UTF-8, parsed); will try to load it.
2024-07-02 07:52:55,836 DEBUG [main] cache:45 - TemplateLoader.findTemplateSource("commons/commons-inject-js_en_IN.ftl"): Not found
2024-07-02 07:52:55,836 DEBUG [main] cache:45 - TemplateLoader.findTemplateSource("commons/commons-inject-js_en.ftl"): Not found
2024-07-02 07:52:55,847 DEBUG [main] cache:45 - TemplateLoader.findTemplateSource("commons/commons-inject-js.ftl"): Found
2024-07-02 07:52:55,847 DEBUG [main] cache:45 - Loading template for "commons/commons-inject-js.ftl"("en_IN", UTF-8, parsed) from "jar:file:/C:/Users/pooja%20manna/.m2/repository/com/aventstack/extentreports/5.1.1/extentreports-5.1.1.jar!/com/aventstack/extentreports/templates/commons/commons-inject-js.ftl"
